#
# A fatal error has been detected by the Java Runtime Environment:
#
#  SIGSEGV (0xb) at pc=0x00007f55c3de16ca, pid=1865, tid=1898
#
# JRE version: OpenJDK Runtime Environment (18.0.2+9) (build 18.0.2+9-61)
# Java VM: OpenJDK 64-Bit Server VM (18.0.2+9-61, mixed mode, sharing, tiered, compressed oops, compressed class ptrs, g1 gc, linux-amd64)
# Problematic frame:
# V  [libjvm.so+0x71c6ca]  G1ParScanThreadState::trim_queue_to_threshold(unsigned int)+0x141a
#
# Core dump will be written. Default location: Core dumps may be processed with "/usr/lib/systemd/systemd-coredump %P %u %g %s %t %c %h" (or dumping to /home/leonel/Documents/Java/Spring/proyecto/app/core.1865)
#
# If you would like to submit a bug report, please visit:
#   https://bugreport.java.com/bugreport/crash.jsp
#

---------------  S U M M A R Y ------------

Command Line: -javaagent:/app/idea-IC/lib/idea_rt.jar=40857:/app/idea-IC/bin -Dfile.encoding=UTF-8 -Dsun.stdout.encoding=UTF-8 -Dsun.stderr.encoding=UTF-8 com.spring.app.ProyectoSpringApplication

Host: Intel(R) Core(TM) i5-2430M CPU @ 2.40GHz, 4 cores, 7G, Freedesktop.org SDK 22.08 (Flatpak runtime)
Time: Fri Oct  7 17:20:52 2022 -03 elapsed time: 9.168989 seconds (0d 0h 0m 9s)

---------------  T H R E A D  ---------------

Current thread (0x00007f5580006690):  WorkerThread "GC Thread#1" [stack: 0x00007f554ff00000,0x00007f5550000000] [id=1898]

Stack: [0x00007f554ff00000,0x00007f5550000000],  sp=0x00007f554fffe940,  free space=1018k
Native frames: (J=compiled Java code, j=interpreted, Vv=VM code, C=native code)
V  [libjvm.so+0x71c6ca]  G1ParScanThreadState::trim_queue_to_threshold(unsigned int)+0x141a
V  [libjvm.so+0x73fa79]  G1ParCopyClosure<(G1Barrier)1, false>::do_oop(oopDesc**)+0xc9
V  [libjvm.so+0x56ccc2]  ClassLoaderData::ChunkedHandleList::oops_do(OopClosure*)+0x82
V  [libjvm.so+0x717ceb]  G1CLDScanClosure::do_cld(ClassLoaderData*)+0x3b
V  [libjvm.so+0x56ff59]  ClassLoaderDataGraph::roots_cld_do(CLDClosure*, CLDClosure*)+0x39
V  [libjvm.so+0x741a72]  G1RootProcessor::process_java_roots(G1RootClosures*, G1GCPhaseTimes*, unsigned int)+0xc2
V  [libjvm.so+0x7420c1]  G1RootProcessor::evacuate_roots(G1ParScanThreadState*, unsigned int)+0x61
V  [libjvm.so+0x755792]  G1EvacuateRegionsTask::scan_roots(G1ParScanThreadState*, unsigned int)+0x22
V  [libjvm.so+0x7559e3]  G1EvacuateRegionsBaseTask::work(unsigned int)+0x83
V  [libjvm.so+0xe4afad]  WorkerThread::run()+0x6d
V  [libjvm.so+0xd98fa0]  Thread::call_run()+0xc0
V  [libjvm.so+0xbfd201]  thread_native_entry(Thread*)+0xe1
C  [libc.so.6+0x8f1da]


siginfo: si_signo: 11 (SIGSEGV), si_code: 1 (SEGV_MAPERR), si_addr: 0x0000000000000080

Register to memory mapping:

RAX=0x00007f55bc082cb8 points into unknown readable memory: 0x0000000000000000 | 00 00 00 00 00 00 00 00
RBX=0x00007f55480070c0 points into unknown readable memory: 0x00007f55c4816eb0 | b0 6e 81 c4 55 7f 00 00
RCX=0x0000000000000014 is an unknown value
RDX=0x0 is NULL
RSP=0x00007f554fffe940 points into unknown readable memory: 0x0000000088762408 | 08 24 76 88 00 00 00 00
RBP=0x00007f554fffe9d0 points into unknown readable memory: 0x00007f554fffea20 | 20 ea ff 4f 55 7f 00 00
RSI=0x0 is NULL
RDI=0x0 is NULL
R8 =0x0000000000000002 is an unknown value
R9 =0x0 is NULL
R10=0x00000000878bbde8 is an oop: [B 
{0x00000000878bbde8} - klass: {type array byte}
 - length: 26
R11=0x0000000087692b18 is an oop: java.lang.String 
{0x0000000087692b18} - klass: 'java/lang/String'
 - string: "org.hibernate.type"
 - ---- fields (total size 3 words):
 - private 'hash' 'I' @12  -705701984 (d5efd7a0)
 - private final 'coder' 'B' @16  0
 - private 'hashIsZero' 'Z' @17  false
 - abstract internal 'flags' 'B' @18  0
 - private final synchronized 'value' '[B' @20  [B{0x0000000087692b30} (87692b30)
R12=0x00000000878bb1ed is pointing into object: java.lang.Class 
{0x00000000878bb188} - klass: 'java/lang/Class'
 - ---- fields (total size 14 words):
 - private volatile transient 'classRedefinedCount' 'I' @12  0
 - abstract internal 'klass' 'J' @16  34377107120 (10906b0 8)
 - abstract internal 'array_klass' 'J' @24  0 (0 0)
 - abstract internal 'oop_size' 'I' @32  14 (e)
 - abstract internal 'static_oop_field_count' 'I' @36  0
 - private volatile transient 'cachedConstructor' 'Ljava/lang/reflect/Constructor;' @40  NULL (0)
 - private transient 'name' 'Ljava/lang/String;' @44  "org.hibernate.type.BagType"{0x00000000878bbdd0} (878bbdd0)
 - private transient 'module' 'Ljava/lang/Module;' @48  a 'java/lang/Module'{0x00000000868c2920} (868c2920)
 - private final 'classLoader' 'Ljava/lang/ClassLoader;' @52  a 'jdk/internal/loader/ClassLoaders$AppClassLoader'{0x000000008687afc0} (8687afc0)
 - private transient 'classData' 'Ljava/lang/Object;' @56  NULL (0)
 - private transient 'packageName' 'Ljava/lang/String;' @60  "org.hibernate.type"{0x0000000087692b18} (87692b18)
 - private final 'componentType' 'Ljava/lang/Class;' @64  NULL (0)
 - private volatile transient 'reflectionData' 'Ljava/lang/ref/SoftReference;' @68  NULL (0)
 - private volatile transient 'genericInfo' 'Lsun/reflect/generics/repository/ClassRepository;' @72  NULL (0)
 - private volatile transient 'enumConstants' '[Ljava/lang/Object;' @76  NULL (0)
 - private volatile transient 'enumConstantDirectory' 'Ljava/util/Map;' @80  NULL (0)
 - private volatile transient 'annotationData' 'Ljava/lang/Class$AnnotationData;' @84  NULL (0)
 - private volatile transient 'annotationType' 'Lsun/reflect/annotation/AnnotationType;' @88  NULL (0)
 - transient 'classValueMap' 'Ljava/lang/ClassValue$ClassValueMap;' @92  NULL (0)
 - abstract internal 'protection_domain' 'Ljava/lang/Object;' @96  a 'java/security/ProtectionDomain'{0x0000000086c01e60} (86c01e60)
 - abstract internal 'signers_name' 'Ljava/lang/Object;' @100  
[error occurred during error reporting (printing register info), id 0xb, SIGSEGV (0xb) at pc=0x00007f55c42abbf3]

Registers:
RAX=0x00007f55bc082cb8, RBX=0x00007f55480070c0, RCX=0x0000000000000014, RDX=0x0000000000000000
RSP=0x00007f554fffe940, RBP=0x00007f554fffe9d0, RSI=0x0000000000000000, RDI=0x0000000000000000
R8 =0x0000000000000002, R9 =0x0000000000000000, R10=0x00000000878bbde8, R11=0x0000000087692b18
R12=0x00000000878bb1ed, R13=0x0000000000000080, R14=0x00007f55c49132dd, R15=0x00000000878bbde8
RIP=0x00007f55c3de16ca, EFLAGS=0x0000000000010246, CSGSFS=0x002b000000000033, ERR=0x0000000000000004
  TRAPNO=0x000000000000000e

Top of Stack: (sp=0x00007f554fffe940)
0x00007f554fffe940:   0000000088762408 0000000000000002
0x00007f554fffe950:   00000074c0d5ab11 000000000000000f
0x00007f554fffe960:   00007f5500000002 0000000800001eb8
0x00007f554fffe970:   00000000878bb800 00007f55c48ce8b0 

Instructions: (pc=0x00007f55c3de16ca)
0x00007f55c3de15ca:   00 48 89 c6 8b 8a 20 06 00 00 48 d3 ee 48 8b 8a
0x00007f55c3de15da:   10 06 00 00 4c 8d 04 71 41 0f b6 78 01 40 84 ff
0x00007f55c3de15ea:   78 94 42 0f 18 0c 30 ba 10 00 00 00 0f 18 0c 10
0x00007f55c3de15fa:   48 8b 83 98 01 00 00 49 8d 4c 24 01 4c 8b 78 10
0x00007f55c3de160a:   41 8b 87 80 00 00 00 41 8b b7 00 01 00 00 89 c2
0x00007f55c3de161a:   29 f2 81 e2 ff ff 01 00 81 fa fd ff 01 00 0f 86
0x00007f55c3de162a:   94 0a 00 00 49 8b 87 a0 02 00 00 49 3b 87 88 02
0x00007f55c3de163a:   00 00 0f 84 13 15 00 00 48 8d 34 c5 00 00 00 00
0x00007f55c3de164a:   48 83 c0 01 49 8b 97 b8 02 00 00 48 89 0c 32 49
0x00007f55c3de165a:   89 87 a0 02 00 00 e9 3a ff ff ff 0f 1f 00 49 8d
0x00007f55c3de166a:   bd 80 02 00 00 e8 ec 63 00 00 b8 01 00 00 00 31
0x00007f55c3de167a:   d2 e9 f8 fd ff ff 48 8d 05 29 d2 ae 00 45 8b 6c
0x00007f55c3de168a:   24 ff 8b 70 08 48 8b 10 48 89 45 a8 48 8b 43 08
0x00007f55c3de169a:   89 f1 49 d3 e5 8b 88 20 06 00 00 48 8b 80 10 06
0x00007f55c3de16aa:   00 00 49 01 d5 4c 89 ef 48 d3 ef 48 8d 04 78 0f
0x00007f55c3de16ba:   b6 78 01 40 88 7d a0 40 84 ff 0f 88 d6 f5 ff ff
0x00007f55c3de16ca:   4d 8b 5d 00 4c 89 d9 83 e1 03 48 83 f9 03 0f 85
0x00007f55c3de16da:   cb 04 00 00 49 83 e3 fc 4c 8d 2d 93 2f b3 00 4c
0x00007f55c3de16ea:   89 5d b8 48 8b 7d b8 89 f1 49 83 ec 01 48 89 f8
0x00007f55c3de16fa:   48 29 d0 48 d3 e8 41 89 04 24 48 89 f8 41 8b 4d
0x00007f55c3de170a:   00 4c 31 e0 48 d3 e8 48 85 c0 0f 84 86 f5 ff ff
0x00007f55c3de171a:   48 8b 43 08 8b 88 20 06 00 00 48 8b 90 10 06 00
0x00007f55c3de172a:   00 4c 89 e0 48 d3 e8 80 7c 42 01 fe 0f 84 64 f5
0x00007f55c3de173a:   ff ff 48 89 f8 48 d3 e8 48 8d 04 42 80 38 00 0f
0x00007f55c3de174a:   84 51 f5 ff ff 80 78 01 00 0f 89 47 f5 ff ff 48
0x00007f55c3de175a:   8d 15 50 2a b2 00 48 8b 43 60 8b 0a 49 d3 ec 4c
0x00007f55c3de176a:   89 e6 e9 06 f5 ff ff 0f 1f 80 00 00 00 00 49 8d
0x00007f55c3de177a:   bf 80 02 00 00 48 89 4d b8 e8 d8 62 00 00 48 8b
0x00007f55c3de178a:   4d b8 b8 01 00 00 00 31 d2 e9 2b f1 ff ff 0f 1f
0x00007f55c3de179a:   84 00 00 00 00 00 0f 84 59 02 00 00 40 80 fe 01
0x00007f55c3de17aa:   48 8d 35 db da ae 00 48 19 c0 83 e0 04 8b 36 49
0x00007f55c3de17ba:   63 7c 05 0c 48 d3 e7 c1 f9 10 0f b6 c1 8d 4e ff 


Stack slot to memory mapping:
stack at sp + 0 slots: 0x0000000088762408 is an oop: java.lang.Class 
{0x0000000088762408} - klass: 'java/lang/Class'
 - ---- fields (total size 14 words):
 - private volatile transient 'classRedefinedCount' 'I' @12  0
 - abstract internal 'klass' 'J' @16  34377115576 (10927b8 8)
 - abstract internal 'array_klass' 'J' @24  0 (0 0)
 - abstract internal 'oop_size' 'I' @32  14 (e)
 - abstract internal 'static_oop_field_count' 'I' @36  0
 - private volatile transient 'cachedConstructor' 'Ljava/lang/reflect/Constructor;' @40  NULL (0)
 - private transient 'name' 'Ljava/lang/String;' @44  "org.hibernate.boot.cfgxml.internal.CfgXmlAccessServiceImpl"{0x00000000887822d0} (887822d0)
 - private transient 'module' 'Ljava/lang/Module;' @48  a 'java/lang/Module'{0x00000000868c2920} (868c2920)
 - private final 'classLoader' 'Ljava/lang/ClassLoader;' @52  a 'jdk/internal/loader/ClassLoaders$AppClassLoader'{0x000000008687afc0} (8687afc0)
 - private transient 'classData' 'Ljava/lang/Object;' @56  NULL (0)
 - private transient 'packageName' 'Ljava/lang/String;' @60  "org.hibernate.boot.cfgxml.internal"{0x000000008870c0d8} (8870c0d8)
 - private final 'componentType' 'Ljava/lang/Class;' @64  NULL (0)
 - private volatile transient 'reflectionData' 'Ljava/lang/ref/SoftReference;' @68  a 'java/lang/ref/SoftReference'{0x0000000088782338} (88782338)
 - private volatile transient 'genericInfo' 'Lsun/reflect/generics/repository/ClassRepository;' @72  NULL (0)
 - private volatile transient 'enumConstants' '[Ljava/lang/Object;' @76  NULL (0)
 - private volatile transient 'enumConstantDirectory' 'Ljava/util/Map;' @80  NULL (0)
 - private volatile transient 'annotationData' 'Ljava/lang/Class$AnnotationData;' @84  NULL (0)
 - private volatile transient 'annotationType' 'Lsun/reflect/annotation/AnnotationType;' @88  NULL (0)
 - transient 'classValueMap' 'Ljava/lang/ClassValue$ClassValueMap;' @92  NULL (0)
 - abstract internal 'protection_domain' 'Ljava/lang/Object;' @96  a 'java/security/ProtectionDomain'{0x0000000086c01e60} (86c01e60)
 - abstract internal 'signers_name' 'Ljava/lang/Object;' @100  NULL (0)
 - abstract internal 'source_file' 'Ljava/lang/Object;' @104  NULL (0)
 - signature: Lorg/hibernate/boot/cfgxml/internal/CfgXmlAccessServiceImpl;
 - ---- static fields (0):
stack at sp + 1 slots: 0x0000000000000002 is an unknown value
stack at sp + 2 slots: 0x00000074c0d5ab11 is an unknown value
stack at sp + 3 slots: 0x000000000000000f is an unknown value
stack at sp + 4 slots: 0x00007f5500000002 is an unknown value
stack at sp + 5 slots: 0x0000000800001eb8 is a pointer to class: 
stack at sp + 6 slots: 0x00000000878bb800 is pointing into object: [Ljava.lang.reflect.Method; 
{0x00000000878bb7e0} - klass: 'java/lang/reflect/Method'[]
 - length: 10
stack at sp + 7 slots: 0x00007f55c48ce8b0: <offset 0x00000000012098b0> in /home/leonel/.jdks/openjdk-18.0.2/lib/server/libjvm.so at 0x00007f55c36c5000


---------------  P R O C E S S  ---------------

Threads class SMR info:
_java_thread_list=0x00007f55584484c0, length=21, elements={
0x00007f55bc028950, 0x00007f55bc0fe4f0, 0x00007f55bc0ff990, 0x00007f55bc1098f0,
0x00007f55bc10ac90, 0x00007f55bc10c090, 0x00007f55bc10da30, 0x00007f55bc10ef50,
0x00007f55bc1183a0, 0x00007f55bc124b20, 0x00007f55bc47d9f0, 0x00007f55bc47eab0,
0x00007f557c000ff0, 0x00007f55bc6c3fb0, 0x00007f5544007d10, 0x00007f5538a6d1a0,
0x00007f5528001230, 0x00007f5538a66f90, 0x00007f5538a7b830, 0x00007f5538e21970,
0x00007f5558447d10
}

Java Threads: ( => current thread )
  0x00007f55bc028950 JavaThread "main" [_thread_blocked, id=1867, stack(0x00007f55c34dd000,0x00007f55c35dd000)]
  0x00007f55bc0fe4f0 JavaThread "Reference Handler" daemon [_thread_blocked, id=1879, stack(0x00007f55a0efa000,0x00007f55a0ffa000)]
  0x00007f55bc0ff990 JavaThread "Finalizer" daemon [_thread_blocked, id=1881, stack(0x00007f55a0dfa000,0x00007f55a0efa000)]
  0x00007f55bc1098f0 JavaThread "Signal Dispatcher" daemon [_thread_blocked, id=1884, stack(0x00007f55a0a2b000,0x00007f55a0b2b000)]
  0x00007f55bc10ac90 JavaThread "Service Thread" daemon [_thread_blocked, id=1885, stack(0x00007f55a092b000,0x00007f55a0a2b000)]
  0x00007f55bc10c090 JavaThread "Monitor Deflation Thread" daemon [_thread_blocked, id=1886, stack(0x00007f55a082b000,0x00007f55a092b000)]
  0x00007f55bc10da30 JavaThread "C2 CompilerThread0" daemon [_thread_blocked, id=1887, stack(0x00007f55a072b000,0x00007f55a082b000)]
  0x00007f55bc10ef50 JavaThread "C1 CompilerThread0" daemon [_thread_blocked, id=1888, stack(0x00007f55a062b000,0x00007f55a072b000)]
  0x00007f55bc1183a0 JavaThread "Sweeper thread" daemon [_thread_blocked, id=1889, stack(0x00007f55a052b000,0x00007f55a062b000)]
  0x00007f55bc124b20 JavaThread "Common-Cleaner" daemon [_thread_blocked, id=1893, stack(0x00007f55a042b000,0x00007f55a052b000)]
  0x00007f55bc47d9f0 JavaThread "Monitor Ctrl-Break" daemon [_thread_in_native, id=1895, stack(0x00007f55a022b000,0x00007f55a032b000)]
  0x00007f55bc47eab0 JavaThread "Notification Thread" daemon [_thread_blocked, id=1896, stack(0x00007f55a012b000,0x00007f55a022b000)]
  0x00007f557c000ff0 JavaThread "Attach Listener" daemon [_thread_blocked, id=1900, stack(0x00007f554fdfe000,0x00007f554fefe000)]
  0x00007f55bc6c3fb0 JavaThread "Thread-0" [_thread_blocked, id=1901, stack(0x00007f554fcfe000,0x00007f554fdfe000)]
  0x00007f5544007d10 JavaThread "restartedMain" [_thread_blocked, id=1902, stack(0x00007f554fbfe000,0x00007f554fcfe000)]
  0x00007f5538a6d1a0 JavaThread "Catalina-utility-1" [_thread_blocked, id=1918, stack(0x00007f554f8a8000,0x00007f554f9a8000)]
  0x00007f5528001230 JavaThread "Catalina-utility-2" [_thread_blocked, id=1919, stack(0x00007f554f6a6000,0x00007f554f7a6000)]
  0x00007f5538a66f90 JavaThread "container-0" [_thread_blocked, id=1920, stack(0x00007f554f5a6000,0x00007f554f6a6000)]
  0x00007f5538a7b830 JavaThread "mysql-cj-abandoned-connection-cleanup" daemon [_thread_blocked, id=1921, stack(0x00007f554f4a6000,0x00007f554f5a6000)]
  0x00007f5538e21970 JavaThread "HikariPool-1 housekeeper" daemon [_thread_blocked, id=1922, stack(0x00007f55a032b000,0x00007f55a042b000)]
  0x00007f5558447d10 JavaThread "HikariPool-1 connection adder" daemon [_thread_blocked, id=1923, stack(0x00007f554f3a6000,0x00007f554f4a6000)]

Other Threads:
  0x00007f55bc0fb370 VMThread "VM Thread" [stack: 0x00007f55a0ffc000,0x00007f55a10fc000] [id=1876]
  0x00007f55bc02aa80 WatcherThread "VM Periodic Task Thread" [stack: 0x00007f55a002b000,0x00007f55a012b000] [id=1897]
  0x00007f55bc085620 WorkerThread "GC Thread#0" [stack: 0x00007f55c0389000,0x00007f55c0489000] [id=1870]
=>0x00007f5580006690 WorkerThread "GC Thread#1" [stack: 0x00007f554ff00000,0x00007f5550000000] [id=1898]
  0x00007f55800078f0 WorkerThread "GC Thread#2" [stack: 0x00007f554fafe000,0x00007f554fbfe000] [id=1909]
  0x00007f558000c280 WorkerThread "GC Thread#3" [stack: 0x00007f554f9fc000,0x00007f554fafc000] [id=1910]
  0x00007f55bc095f90 ConcurrentGCThread "G1 Main Marker" [stack: 0x00007f55c0287000,0x00007f55c0387000] [id=1871]
  0x00007f55bc096e90 WorkerThread "G1 Conc#0" [stack: 0x00007f55c0185000,0x00007f55c0285000] [id=1872]
  0x00007f55bc0d0090 ConcurrentGCThread "G1 Refine#0" [stack: 0x00007f55a13ac000,0x00007f55a14ac000] [id=1873]
  0x00007f558c0018f0 ConcurrentGCThread "G1 Refine#1" [stack: 0x00007f554f7a8000,0x00007f554f8a8000] [id=1917]
  0x00007f55bc0d0f60 ConcurrentGCThread "G1 Service" [stack: 0x00007f55a12aa000,0x00007f55a13aa000] [id=1874]

Threads with active compile tasks:
C2 CompilerThread0     9199 5192   !   4       java.net.URL::<init> (543 bytes)

VM state: at safepoint (normal execution)

VM Mutex/Monitor currently owned by a thread:  ([mutex/lock_event])
[0x00007f55bc0271f0] Threads_lock - owner thread: 0x00007f55bc0fb370
[0x00007f55bc0272a0] Heap_lock - owner thread: 0x00007f5544007d10

Heap address: 0x0000000086400000, size: 1948 MB, Compressed Oops mode: 32-bit

CDS archive(s) mapped at: [0x0000000800000000-0x0000000800bae000-0x0000000800bae000), size 12247040, SharedBaseAddress: 0x0000000800000000, ArchiveRelocationMode: 0.
Compressed class space mapped at: 0x0000000800c00000-0x0000000840c00000, reserved size: 1073741824
Narrow klass base: 0x0000000800000000, Narrow klass shift: 0, Narrow klass range: 0x100000000

GC Precious Log:
 CardTable entry size: 512
 Card Set container configuration: InlinePtr #cards 5 size 8 Array Of Cards #cards 12 size 40 Howl #buckets 4 coarsen threshold 1843 Howl Bitmap #cards 512 size 80 coarsen threshold 460 Card regions per heap region 1 cards per card region 2048
 CPUs: 4 total, 4 available
 Memory: 7786M
 Large Page Support: Disabled
 NUMA Support: Disabled
 Compressed Oops: Enabled (32-bit)
 Heap Region Size: 1M
 Heap Min Capacity: 8M
 Heap Initial Capacity: 122M
 Heap Max Capacity: 1948M
 Pre-touch: Disabled
 Parallel Workers: 4
 Concurrent Workers: 1
 Concurrent Refinement Workers: 4
 Periodic GC: Disabled

Heap:
 garbage-first heap   total 70656K, used 50850K [0x0000000086400000, 0x0000000100000000)
  region size 1024K, 29 young (29696K), 2 survivors (2048K)
 Metaspace       used 51606K, committed 52032K, reserved 1114112K
  class space    used 6745K, committed 6976K, reserved 1048576K

Heap Regions: E=young(eden), S=young(survivor), O=old, HS=humongous(starts), HC=humongous(continues), CS=collection set, F=free, OA=open archive, CA=closed archive, TAMS=top-at-mark-start (previous, next)
|   0|0x0000000086400000, 0x0000000086500000, 0x0000000086500000|100%|HS|  |TAMS 0x0000000086500000, 0x0000000086400000| Complete 
|   1|0x0000000086500000, 0x0000000086600000, 0x0000000086600000|100%| O|  |TAMS 0x0000000086600000, 0x0000000086500000| Untracked 
|   2|0x0000000086600000, 0x0000000086700000, 0x0000000086700000|100%| O|  |TAMS 0x0000000086700000, 0x0000000086600000| Untracked 
|   3|0x0000000086700000, 0x0000000086800000, 0x0000000086800000|100%| O|  |TAMS 0x0000000086800000, 0x0000000086700000| Untracked 
|   4|0x0000000086800000, 0x0000000086900000, 0x0000000086900000|100%| O|  |TAMS 0x0000000086900000, 0x0000000086800000| Untracked 
|   5|0x0000000086900000, 0x0000000086a00000, 0x0000000086a00000|100%| O|  |TAMS 0x0000000086a00000, 0x0000000086900000| Untracked 
|   6|0x0000000086a00000, 0x0000000086ab9200, 0x0000000086b00000| 72%| O|  |TAMS 0x0000000086ab9200, 0x0000000086a00000| Untracked 
|   7|0x0000000086b00000, 0x0000000086c00000, 0x0000000086c00000|100%| O|  |TAMS 0x0000000086c00000, 0x0000000086b00000| Untracked 
|   8|0x0000000086c00000, 0x0000000086d00000, 0x0000000086d00000|100%| O|  |TAMS 0x0000000086d00000, 0x0000000086c00000| Untracked 
|   9|0x0000000086d00000, 0x0000000086e00000, 0x0000000086e00000|100%| O|  |TAMS 0x0000000086e00000, 0x0000000086d00000| Untracked 
|  10|0x0000000086e00000, 0x0000000086f00000, 0x0000000086f00000|100%| O|  |TAMS 0x0000000086f00000, 0x0000000086e00000| Untracked 
|  11|0x0000000086f00000, 0x0000000087000000, 0x0000000087000000|100%| O|  |TAMS 0x0000000087000000, 0x0000000086f00000| Untracked 
|  12|0x0000000087000000, 0x0000000087100000, 0x0000000087100000|100%| O|  |TAMS 0x0000000087100000, 0x0000000087000000| Untracked 
|  13|0x0000000087100000, 0x0000000087200000, 0x0000000087200000|100%| O|  |TAMS 0x0000000087200000, 0x0000000087100000| Untracked 
|  14|0x0000000087200000, 0x0000000087300000, 0x0000000087300000|100%| O|  |TAMS 0x0000000087300000, 0x0000000087200000| Untracked 
|  15|0x0000000087300000, 0x0000000087400000, 0x0000000087400000|100%| O|  |TAMS 0x0000000087400000, 0x0000000087300000| Untracked 
|  16|0x0000000087400000, 0x0000000087500000, 0x0000000087500000|100%| O|  |TAMS 0x00000000874e5800, 0x0000000087400000| Untracked 
|  17|0x0000000087500000, 0x0000000087600000, 0x0000000087600000|100%| O|  |TAMS 0x0000000087500000, 0x0000000087500000| Untracked 
|  18|0x0000000087600000, 0x0000000087700000, 0x0000000087700000|100%| O|  |TAMS 0x0000000087600000, 0x0000000087600000| Untracked 
|  19|0x0000000087700000, 0x0000000087800000, 0x0000000087800000|100%| O|  |TAMS 0x0000000087700000, 0x0000000087700000| Untracked 
|  20|0x0000000087800000, 0x0000000087900000, 0x0000000087900000|100%| O|  |TAMS 0x0000000087800000, 0x0000000087800000| Untracked 
|  21|0x0000000087900000, 0x00000000879565b0, 0x0000000087a00000| 33%| O|  |TAMS 0x0000000087900000, 0x0000000087900000| Untracked 
|  22|0x0000000087a00000, 0x0000000087a00000, 0x0000000087b00000|  0%| F|  |TAMS 0x0000000087a00000, 0x0000000087a00000| Untracked 
|  23|0x0000000087b00000, 0x0000000087b00000, 0x0000000087c00000|  0%| F|  |TAMS 0x0000000087b00000, 0x0000000087b00000| Untracked 
|  24|0x0000000087c00000, 0x0000000087c00000, 0x0000000087d00000|  0%| F|  |TAMS 0x0000000087c00000, 0x0000000087c00000| Untracked 
|  25|0x0000000087d00000, 0x0000000087d00000, 0x0000000087e00000|  0%| F|  |TAMS 0x0000000087d00000, 0x0000000087d00000| Untracked 
|  26|0x0000000087e00000, 0x0000000087e00000, 0x0000000087f00000|  0%| F|  |TAMS 0x0000000087e00000, 0x0000000087e00000| Untracked 
|  27|0x0000000087f00000, 0x0000000087f00000, 0x0000000088000000|  0%| F|  |TAMS 0x0000000087f00000, 0x0000000087f00000| Untracked 
|  28|0x0000000088000000, 0x0000000088000000, 0x0000000088100000|  0%| F|  |TAMS 0x0000000088000000, 0x0000000088000000| Untracked 
|  29|0x0000000088100000, 0x0000000088100000, 0x0000000088200000|  0%| F|  |TAMS 0x0000000088100000, 0x0000000088100000| Untracked 
|  30|0x0000000088200000, 0x0000000088200000, 0x0000000088300000|  0%| F|  |TAMS 0x0000000088200000, 0x0000000088200000| Untracked 
|  31|0x0000000088300000, 0x0000000088300000, 0x0000000088400000|  0%| F|  |TAMS 0x0000000088300000, 0x0000000088300000| Untracked 
|  32|0x0000000088400000, 0x0000000088400000, 0x0000000088500000|  0%| F|  |TAMS 0x0000000088400000, 0x0000000088400000| Untracked 
|  33|0x0000000088500000, 0x00000000885d8cf0, 0x0000000088600000| 84%| E|CS|TAMS 0x0000000088500000, 0x0000000088500000| Complete 
|  34|0x0000000088600000, 0x0000000088600000, 0x0000000088700000|  0%| F|  |TAMS 0x0000000088600000, 0x0000000088600000| Untracked 
|  35|0x0000000088700000, 0x0000000088800000, 0x0000000088800000|100%| E|CS|TAMS 0x0000000088700000, 0x0000000088700000| Complete 
|  36|0x0000000088800000, 0x0000000088900000, 0x0000000088900000|100%| E|CS|TAMS 0x0000000088800000, 0x0000000088800000| Complete 
|  37|0x0000000088900000, 0x0000000088a00000, 0x0000000088a00000|100%| E|CS|TAMS 0x0000000088900000, 0x0000000088900000| Complete 
|  38|0x0000000088a00000, 0x0000000088aa68e0, 0x0000000088b00000| 65%| S|  |TAMS 0x0000000088a00000, 0x0000000088a00000| Complete 
|  39|0x0000000088b00000, 0x0000000088c00000, 0x0000000088c00000|100%| S|  |TAMS 0x0000000088b00000, 0x0000000088b00000| Complete 
|  40|0x0000000088c00000, 0x0000000088d00000, 0x0000000088d00000|100%| E|CS|TAMS 0x0000000088c00000, 0x0000000088c00000| Complete 
|  41|0x0000000088d00000, 0x0000000088e00000, 0x0000000088e00000|100%| E|CS|TAMS 0x0000000088d00000, 0x0000000088d00000| Complete 
|  42|0x0000000088e00000, 0x0000000088f00000, 0x0000000088f00000|100%| E|CS|TAMS 0x0000000088e00000, 0x0000000088e00000| Complete 
|  43|0x0000000088f00000, 0x0000000089000000, 0x0000000089000000|100%| E|CS|TAMS 0x0000000088f00000, 0x0000000088f00000| Complete 
|  44|0x0000000089000000, 0x0000000089100000, 0x0000000089100000|100%| E|CS|TAMS 0x0000000089000000, 0x0000000089000000| Complete 
|  45|0x0000000089100000, 0x0000000089200000, 0x0000000089200000|100%| E|CS|TAMS 0x0000000089100000, 0x0000000089100000| Complete 
|  46|0x0000000089200000, 0x0000000089300000, 0x0000000089300000|100%| E|CS|TAMS 0x0000000089200000, 0x0000000089200000| Complete 
|  47|0x0000000089300000, 0x0000000089400000, 0x0000000089400000|100%| E|CS|TAMS 0x0000000089300000, 0x0000000089300000| Complete 
|  48|0x0000000089400000, 0x0000000089500000, 0x0000000089500000|100%| E|CS|TAMS 0x0000000089400000, 0x0000000089400000| Complete 
|  49|0x0000000089500000, 0x0000000089600000, 0x0000000089600000|100%| E|CS|TAMS 0x0000000089500000, 0x0000000089500000| Complete 
|  50|0x0000000089600000, 0x0000000089700000, 0x0000000089700000|100%| E|CS|TAMS 0x0000000089600000, 0x0000000089600000| Complete 
|  51|0x0000000089700000, 0x0000000089800000, 0x0000000089800000|100%| E|CS|TAMS 0x0000000089700000, 0x0000000089700000| Complete 
|  52|0x0000000089800000, 0x0000000089900000, 0x0000000089900000|100%| E|CS|TAMS 0x0000000089800000, 0x0000000089800000| Complete 
|  53|0x0000000089900000, 0x0000000089a00000, 0x0000000089a00000|100%| E|CS|TAMS 0x0000000089900000, 0x0000000089900000| Complete 
|  54|0x0000000089a00000, 0x0000000089b00000, 0x0000000089b00000|100%| E|CS|TAMS 0x0000000089a00000, 0x0000000089a00000| Complete 
|  55|0x0000000089b00000, 0x0000000089c00000, 0x0000000089c00000|100%| E|CS|TAMS 0x0000000089b00000, 0x0000000089b00000| Complete 
|  56|0x0000000089c00000, 0x0000000089d00000, 0x0000000089d00000|100%| E|CS|TAMS 0x0000000089c00000, 0x0000000089c00000| Complete 
|  57|0x0000000089d00000, 0x0000000089e00000, 0x0000000089e00000|100%| E|CS|TAMS 0x0000000089d00000, 0x0000000089d00000| Complete 
|  58|0x0000000089e00000, 0x0000000089f00000, 0x0000000089f00000|100%| E|CS|TAMS 0x0000000089e00000, 0x0000000089e00000| Complete 
|  59|0x0000000089f00000, 0x000000008a000000, 0x000000008a000000|100%| E|CS|TAMS 0x0000000089f00000, 0x0000000089f00000| Complete 
|  60|0x000000008a000000, 0x000000008a100000, 0x000000008a100000|100%| E|CS|TAMS 0x000000008a000000, 0x000000008a000000| Complete 
|  61|0x000000008a100000, 0x000000008a200000, 0x000000008a200000|100%| E|CS|TAMS 0x000000008a100000, 0x000000008a100000| Complete 
|  62|0x000000008a200000, 0x000000008a300000, 0x000000008a300000|100%| E|CS|TAMS 0x000000008a200000, 0x000000008a200000| Complete 
|  63|0x000000008a300000, 0x000000008a400000, 0x000000008a400000|100%| E|CS|TAMS 0x000000008a300000, 0x000000008a300000| Complete 
|  64|0x000000008a400000, 0x000000008a500000, 0x000000008a500000|100%| E|CS|TAMS 0x000000008a400000, 0x000000008a400000| Complete 
|  65|0x000000008a500000, 0x000000008a600000, 0x000000008a600000|100%| E|CS|TAMS 0x000000008a500000, 0x000000008a500000| Complete 
| 121|0x000000008dd00000, 0x000000008de00000, 0x000000008de00000|100%| E|CS|TAMS 0x000000008dd00000, 0x000000008dd00000| Complete 
|1946|0x00000000ffe00000, 0x00000000ffe75000, 0x00000000fff00000| 45%|OA|  |TAMS 0x00000000ffe75000, 0x00000000ffe00000| Untracked 
|1947|0x00000000fff00000, 0x00000000fff76000, 0x0000000100000000| 46%|CA|  |TAMS 0x00000000fff76000, 0x00000000fff00000| Untracked 

Card table byte_map: [0x00007f55c2708000,0x00007f55c2ad6000] _byte_map_base: 0x00007f55c22d6000

Marking Bits (Prev, Next): (CMBitMap*) 0x00007f55bc086090, (CMBitMap*) 0x00007f55bc0860d0
 Prev Bits: [0x00007f55c04ca000, 0x00007f55c233a000)
 Next Bits: [0x00007f55a37af000, 0x00007f55a561f000)

Polling page: 0x00007f55c4ba8000

Metaspace:

Usage:
  Non-class:     43,81 MB used.
      Class:      6,59 MB used.
       Both:     50,40 MB used.

Virtual space:
  Non-class space:       64,00 MB reserved,      44,00 MB ( 69%) committed,  1 nodes.
      Class space:        1,00 GB reserved,       6,81 MB ( <1%) committed,  1 nodes.
             Both:        1,06 GB reserved,      50,81 MB (  5%) committed. 

Chunk freelists:
   Non-Class:  3,59 MB
       Class:  1,23 MB
        Both:  4,83 MB

MaxMetaspaceSize: unlimited
CompressedClassSpaceSize: 1,00 GB
Initial GC threshold: 21,00 MB
Current GC threshold: 60,00 MB
CDS: on
MetaspaceReclaimPolicy: balanced
 - commit_granule_bytes: 65536.
 - commit_granule_words: 8192.
 - virtual_space_node_default_size: 8388608.
 - enlarge_chunks_in_place: 1.
 - new_chunks_are_fully_committed: 0.
 - uncommit_free_chunks: 1.
 - use_allocation_guard: 0.


Internal statistics:

num_allocs_failed_limit: 12.
num_arena_births: 426.
num_arena_deaths: 0.
num_vsnodes_births: 2.
num_vsnodes_deaths: 0.
num_space_committed: 813.
num_space_uncommitted: 0.
num_chunks_returned_to_freelist: 12.
num_chunks_taken_from_freelist: 2109.
num_chunk_merges: 12.
num_chunk_splits: 1546.
num_chunks_enlarged: 1279.
num_inconsistent_stats: 0.

CodeHeap 'non-profiled nmethods': size=120032Kb used=2567Kb max_used=2567Kb free=117465Kb
 bounds [0x00007f55ad0e7000, 0x00007f55ad377000, 0x00007f55b461f000]
CodeHeap 'profiled nmethods': size=120028Kb used=11739Kb max_used=11739Kb free=108288Kb
 bounds [0x00007f55a5bb0000, 0x00007f55a6730000, 0x00007f55ad0e7000]
CodeHeap 'non-nmethods': size=5700Kb used=1327Kb max_used=1365Kb free=4372Kb
 bounds [0x00007f55a561f000, 0x00007f55a588f000, 0x00007f55a5bb0000]
 total_blobs=5914 nmethods=5270 adapters=556
 compilation: enabled
              stopped_count=0, restarted_count=0
 full_count=0

Compilation events (20 events):
Event: 9,141 Thread 0x00007f55bc10ef50 5286       3       com.sun.beans.introspect.PropertyInfo::is (31 bytes)
Event: 9,142 Thread 0x00007f55bc10ef50 nmethod 5286 0x00007f55a6720e10 code [0x00007f55a6721000, 0x00007f55a67215c0]
Event: 9,142 Thread 0x00007f55bc10ef50 5287       3       java.beans.FeatureDescriptor::setValue (11 bytes)
Event: 9,143 Thread 0x00007f55bc10ef50 nmethod 5287 0x00007f55a6721710 code [0x00007f55a6721900, 0x00007f55a6721cf0]
Event: 9,143 Thread 0x00007f55bc10ef50 5288   !   3       com.sun.beans.util.Cache::removeStaleEntries (163 bytes)
Event: 9,144 Thread 0x00007f55bc10ef50 nmethod 5288 0x00007f55a6721e90 code [0x00007f55a6722120, 0x00007f55a6723120]
Event: 9,144 Thread 0x00007f55bc10ef50 5289       3       java.lang.StringBuilder::append (8 bytes)
Event: 9,144 Thread 0x00007f55bc10ef50 nmethod 5289 0x00007f55a6723910 code [0x00007f55a6723ac0, 0x00007f55a6723c00]
Event: 9,144 Thread 0x00007f55bc10ef50 5290       3       java.lang.AbstractStringBuilder::append (54 bytes)
Event: 9,145 Thread 0x00007f55bc10ef50 nmethod 5290 0x00007f55a6723c90 code [0x00007f55a6723ec0, 0x00007f55a6724820]
Event: 9,145 Thread 0x00007f55bc10ef50 5293       3       org.springframework.core.ResolvableType::forMethodParameter (40 bytes)
Event: 9,146 Thread 0x00007f55bc10ef50 nmethod 5293 0x00007f55a6724990 code [0x00007f55a6724be0, 0x00007f55a6725740]
Event: 9,146 Thread 0x00007f55bc10ef50 5291       3       java.beans.PropertyDescriptor::setPropertyType (9 bytes)
Event: 9,147 Thread 0x00007f55bc10ef50 nmethod 5291 0x00007f55a6725b10 code [0x00007f55a6725ce0, 0x00007f55a6726080]
Event: 9,147 Thread 0x00007f55bc10ef50 5292       3       org.springframework.core.ResolvableType::forType (7 bytes)
Event: 9,147 Thread 0x00007f55bc10ef50 nmethod 5292 0x00007f55a6726210 code [0x00007f55a67263c0, 0x00007f55a67264e0]
Event: 9,147 Thread 0x00007f55bc10ef50 5294       3       java.beans.FeatureDescriptor::<init> (5 bytes)
Event: 9,147 Thread 0x00007f55bc10ef50 nmethod 5294 0x00007f55a6726590 code [0x00007f55a6726740, 0x00007f55a6726890]
Event: 9,149 Thread 0x00007f55bc10ef50 5295       3       org.springframework.core.annotation.TypeMappedAnnotations$MergedAnnotationFinder::doWithAnnotations (10 bytes)
Event: 9,149 Thread 0x00007f55bc10ef50 nmethod 5295 0x00007f55a6726990 code [0x00007f55a6726b40, 0x00007f55a6726c80]

GC Heap History (17 events):
Event: 0,917 GC heap before
{Heap before GC invocations=0 (full 0):
 garbage-first heap   total 126976K, used 14252K [0x0000000086400000, 0x0000000100000000)
  region size 1024K, 13 young (13312K), 0 survivors (0K)
 Metaspace       used 3456K, committed 3584K, reserved 1114112K
  class space    used 339K, committed 384K, reserved 1048576K
}
Event: 0,926 GC heap after
{Heap after GC invocations=1 (full 0):
 garbage-first heap   total 126976K, used 7574K [0x0000000086400000, 0x0000000100000000)
  region size 1024K, 2 young (2048K), 2 survivors (2048K)
 Metaspace       used 3456K, committed 3584K, reserved 1114112K
  class space    used 339K, committed 384K, reserved 1048576K
}
Event: 1,458 GC heap before
{Heap before GC invocations=1 (full 0):
 garbage-first heap   total 126976K, used 18838K [0x0000000086400000, 0x0000000100000000)
  region size 1024K, 13 young (13312K), 2 survivors (2048K)
 Metaspace       used 6269K, committed 6464K, reserved 1114112K
  class space    used 681K, committed 768K, reserved 1048576K
}
Event: 1,469 GC heap after
{Heap after GC invocations=2 (full 0):
 garbage-first heap   total 126976K, used 9130K [0x0000000086400000, 0x0000000100000000)
  region size 1024K, 2 young (2048K), 2 survivors (2048K)
 Metaspace       used 6269K, committed 6464K, reserved 1114112K
  class space    used 681K, committed 768K, reserved 1048576K
}
Event: 2,577 GC heap before
{Heap before GC invocations=2 (full 0):
 garbage-first heap   total 126976K, used 39850K [0x0000000086400000, 0x0000000100000000)
  region size 1024K, 33 young (33792K), 2 survivors (2048K)
 Metaspace       used 14597K, committed 14848K, reserved 1114112K
  class space    used 1741K, committed 1856K, reserved 1048576K
}
Event: 2,589 GC heap after
{Heap after GC invocations=3 (full 0):
 garbage-first heap   total 126976K, used 10882K [0x0000000086400000, 0x0000000100000000)
  region size 1024K, 3 young (3072K), 3 survivors (3072K)
 Metaspace       used 14597K, committed 14848K, reserved 1114112K
  class space    used 1741K, committed 1856K, reserved 1048576K
}
Event: 4,916 GC heap before
{Heap before GC invocations=3 (full 0):
 garbage-first heap   total 126976K, used 72322K [0x0000000086400000, 0x0000000100000000)
  region size 1024K, 64 young (65536K), 3 survivors (3072K)
 Metaspace       used 21239K, committed 21504K, reserved 1114112K
  class space    used 2558K, committed 2688K, reserved 1048576K
}
Event: 4,935 GC heap after
{Heap after GC invocations=4 (full 0):
 garbage-first heap   total 126976K, used 14962K [0x0000000086400000, 0x0000000100000000)
  region size 1024K, 7 young (7168K), 7 survivors (7168K)
 Metaspace       used 21239K, committed 21504K, reserved 1114112K
  class space    used 2558K, committed 2688K, reserved 1048576K
}
Event: 6,166 GC heap before
{Heap before GC invocations=5 (full 0):
 garbage-first heap   total 58368K, used 42610K [0x0000000086400000, 0x0000000100000000)
  region size 1024K, 34 young (34816K), 7 survivors (7168K)
 Metaspace       used 26933K, committed 27328K, reserved 1114112K
  class space    used 3323K, committed 3520K, reserved 1048576K
}
Event: 6,182 GC heap after
{Heap after GC invocations=6 (full 0):
 garbage-first heap   total 58368K, used 18005K [0x0000000086400000, 0x0000000100000000)
  region size 1024K, 4 young (4096K), 4 survivors (4096K)
 Metaspace       used 26933K, committed 27328K, reserved 1114112K
  class space    used 3323K, committed 3520K, reserved 1048576K
}
Event: 6,781 GC heap before
{Heap before GC invocations=6 (full 0):
 garbage-first heap   total 58368K, used 39509K [0x0000000086400000, 0x0000000100000000)
  region size 1024K, 25 young (25600K), 4 survivors (4096K)
 Metaspace       used 29640K, committed 30016K, reserved 1114112K
  class space    used 3689K, committed 3840K, reserved 1048576K
}
Event: 6,790 GC heap after
{Heap after GC invocations=7 (full 0):
 garbage-first heap   total 58368K, used 19749K [0x0000000086400000, 0x0000000100000000)
  region size 1024K, 2 young (2048K), 2 survivors (2048K)
 Metaspace       used 29640K, committed 30016K, reserved 1114112K
  class space    used 3689K, committed 3840K, reserved 1048576K
}
Event: 7,395 GC heap before
{Heap before GC invocations=7 (full 0):
 garbage-first heap   total 58368K, used 38181K [0x0000000086400000, 0x0000000100000000)
  region size 1024K, 22 young (22528K), 2 survivors (2048K)
 Metaspace       used 35828K, committed 36160K, reserved 1114112K
  class space    used 4607K, committed 4800K, reserved 1048576K
}
Event: 7,399 GC heap after
{Heap after GC invocations=8 (full 0):
 garbage-first heap   total 70656K, used 20866K [0x0000000086400000, 0x0000000100000000)
  region size 1024K, 3 young (3072K), 3 survivors (3072K)
 Metaspace       used 35828K, committed 36160K, reserved 1114112K
  class space    used 4607K, committed 4800K, reserved 1048576K
}
Event: 8,272 GC heap before
{Heap before GC invocations=9 (full 0):
 garbage-first heap   total 70656K, used 50562K [0x0000000086400000, 0x0000000100000000)
  region size 1024K, 32 young (32768K), 3 survivors (3072K)
 Metaspace       used 45206K, committed 45632K, reserved 1114112K
  class space    used 5800K, committed 6016K, reserved 1048576K
}
Event: 8,281 GC heap after
{Heap after GC invocations=10 (full 0):
 garbage-first heap   total 70656K, used 23202K [0x0000000086400000, 0x0000000100000000)
  region size 1024K, 4 young (4096K), 4 survivors (4096K)
 Metaspace       used 45206K, committed 45632K, reserved 1114112K
  class space    used 5800K, committed 6016K, reserved 1048576K
}
Event: 9,150 GC heap before
{Heap before GC invocations=10 (full 0):
 garbage-first heap   total 70656K, used 50850K [0x0000000086400000, 0x0000000100000000)
  region size 1024K, 31 young (31744K), 4 survivors (4096K)
 Metaspace       used 51606K, committed 52032K, reserved 1114112K
  class space    used 6745K, committed 6976K, reserved 1048576K
}

Deoptimization events (20 events):
Event: 9,110 Thread 0x00007f5544007d10 Uncommon trap: trap_request=0xffffffde fr.pc=0x00007f55ad25a608 relative=0x00000000000037e8
Event: 9,110 Thread 0x00007f5544007d10 Uncommon trap: reason=class_check action=maybe_recompile pc=0x00007f55ad25a608 method=org.springframework.beans.factory.support.AbstractBeanFactory.isTypeMatch(Ljava/lang/String;Lorg/springframework/core/ResolvableType;Z)Z @ 53 c2
Event: 9,110 Thread 0x00007f5544007d10 DEOPT PACKING pc=0x00007f55ad25a608 sp=0x00007f554fcfa6a0
Event: 9,110 Thread 0x00007f5544007d10 DEOPT UNPACKING pc=0x00007f55a5671099 sp=0x00007f554fcfa650 mode 2
Event: 9,135 Thread 0x00007f5544007d10 Uncommon trap: trap_request=0xffffffde fr.pc=0x00007f55ad25a608 relative=0x00000000000037e8
Event: 9,135 Thread 0x00007f5544007d10 Uncommon trap: reason=class_check action=maybe_recompile pc=0x00007f55ad25a608 method=org.springframework.beans.factory.support.AbstractBeanFactory.isTypeMatch(Ljava/lang/String;Lorg/springframework/core/ResolvableType;Z)Z @ 53 c2
Event: 9,135 Thread 0x00007f5544007d10 DEOPT PACKING pc=0x00007f55ad25a608 sp=0x00007f554fcf9890
Event: 9,135 Thread 0x00007f5544007d10 DEOPT UNPACKING pc=0x00007f55a5671099 sp=0x00007f554fcf9840 mode 2
Event: 9,136 Thread 0x00007f5544007d10 Uncommon trap: trap_request=0xffffff45 fr.pc=0x00007f55ad2cb294 relative=0x0000000000000334
Event: 9,136 Thread 0x00007f5544007d10 Uncommon trap: reason=unstable_if action=reinterpret pc=0x00007f55ad2cb294 method=org.springframework.core.annotation.TypeMappedAnnotations$MergedAnnotationFinder.doWithAnnotations(Ljava/lang/Object;ILjava/lang/Object;[Ljava/lang/annotation/Annotation;)Lo
Event: 9,136 Thread 0x00007f5544007d10 DEOPT PACKING pc=0x00007f55ad2cb294 sp=0x00007f554fcf9d20
Event: 9,136 Thread 0x00007f5544007d10 DEOPT UNPACKING pc=0x00007f55a5671099 sp=0x00007f554fcf9c60 mode 2
Event: 9,137 Thread 0x00007f5544007d10 Uncommon trap: trap_request=0xffffffde fr.pc=0x00007f55ad25a608 relative=0x00000000000037e8
Event: 9,137 Thread 0x00007f5544007d10 Uncommon trap: reason=class_check action=maybe_recompile pc=0x00007f55ad25a608 method=org.springframework.beans.factory.support.AbstractBeanFactory.isTypeMatch(Ljava/lang/String;Lorg/springframework/core/ResolvableType;Z)Z @ 53 c2
Event: 9,137 Thread 0x00007f5544007d10 DEOPT PACKING pc=0x00007f55ad25a608 sp=0x00007f554fcf9b90
Event: 9,137 Thread 0x00007f5544007d10 DEOPT UNPACKING pc=0x00007f55a5671099 sp=0x00007f554fcf9b40 mode 2
Event: 9,138 Thread 0x00007f5544007d10 Uncommon trap: trap_request=0xffffff45 fr.pc=0x00007f55ad213d50 relative=0x00000000000001b0
Event: 9,138 Thread 0x00007f5544007d10 Uncommon trap: reason=unstable_if action=reinterpret pc=0x00007f55ad213d50 method=org.springframework.beans.factory.support.AbstractAutowireCapableBeanFactory.determineTargetType(Ljava/lang/String;Lorg/springframework/beans/factory/support/RootBeanDefinit
Event: 9,138 Thread 0x00007f5544007d10 DEOPT PACKING pc=0x00007f55ad213d50 sp=0x00007f554fcf9fe0
Event: 9,139 Thread 0x00007f5544007d10 DEOPT UNPACKING pc=0x00007f55a5671099 sp=0x00007f554fcf9f98 mode 2

Classes loaded (20 events):
Event: 8,837 Loading class java/io/ObjectInputFilter
Event: 8,837 Loading class java/io/ObjectInputFilter done
Event: 8,838 Loading class java/io/ObjectInputFilter$FilterInfo
Event: 8,838 Loading class java/io/ObjectInputFilter$FilterInfo done
Event: 8,838 Loading class java/io/ObjectInputFilter$Status
Event: 8,838 Loading class java/io/ObjectInputFilter$Status done
Event: 8,955 Loading class java/util/TimerTask
Event: 8,955 Loading class java/util/TimerTask done
Event: 9,074 Loading class javax/naming/Reference
Event: 9,074 Loading class javax/naming/Reference done
Event: 9,077 Loading class java/util/ArrayList$ListItr
Event: 9,077 Loading class java/util/ArrayList$ListItr done
Event: 9,111 Loading class java/lang/ObjectCustomizer
Event: 9,111 Loading class java/lang/ObjectCustomizer done
Event: 9,111 Loading class java/lang/ObjectCustomizer
Event: 9,111 Loading class java/lang/ObjectCustomizer done
Event: 9,140 Loading class java/lang/ObjectCustomizer
Event: 9,140 Loading class java/lang/ObjectCustomizer done
Event: 9,140 Loading class java/lang/ObjectCustomizer
Event: 9,140 Loading class java/lang/ObjectCustomizer done

Classes unloaded (0 events):
No events

Classes redefined (0 events):
No events

Internal exceptions (20 events):
Event: 9,111 Thread 0x00007f5544007d10 Exception <a 'java/lang/ClassNotFoundException'{0x0000000088dcee40}: java/lang/ObjectCustomizer> (0x0000000088dcee40) 
thrown [open/src/hotspot/share/classfile/systemDictionary.cpp, line 255]
Event: 9,112 Thread 0x00007f5544007d10 Exception <a 'java/lang/ClassNotFoundException'{0x0000000088dd7928}: org/springframework/data/repository/core/support/RepositoryFactoryBeanSupportCustomizer> (0x0000000088dd7928) 
thrown [open/src/hotspot/share/classfile/systemDictionary.cpp, line 255]
Event: 9,117 Thread 0x00007f5544007d10 Exception <a 'java/lang/ClassNotFoundException'{0x0000000088c00ef0}: org/springframework/data/repository/core/support/TransactionalRepositoryFactoryBeanSupportCustomizer> (0x0000000088c00ef0) 
thrown [open/src/hotspot/share/classfile/systemDictionary.cpp, line 255]
Event: 9,120 Thread 0x00007f5544007d10 Exception <a 'java/lang/ClassNotFoundException'{0x0000000088c10250}: org/springframework/data/jpa/repository/support/JpaRepositoryFactoryBeanCustomizer> (0x0000000088c10250) 
thrown [open/src/hotspot/share/classfile/systemDictionary.cpp, line 255]
Event: 9,124 Thread 0x00007f5544007d10 Exception <a 'java/lang/ClassNotFoundException'{0x0000000088c40978}: org/springframework/beans/factory/BeanFactoryAwareCustomizer> (0x0000000088c40978) 
thrown [open/src/hotspot/share/classfile/systemDictionary.cpp, line 255]
Event: 9,125 Thread 0x00007f5544007d10 Exception <a 'java/lang/ClassNotFoundException'{0x0000000088c46b50}: org/springframework/beans/factory/AwareCustomizer> (0x0000000088c46b50) 
thrown [open/src/hotspot/share/classfile/systemDictionary.cpp, line 255]
Event: 9,125 Thread 0x00007f5544007d10 Exception <a 'java/lang/ClassNotFoundException'{0x0000000088c4bad0}: org/springframework/beans/factory/InitializingBeanCustomizer> (0x0000000088c4bad0) 
thrown [open/src/hotspot/share/classfile/systemDictionary.cpp, line 255]
Event: 9,126 Thread 0x00007f5544007d10 Exception <a 'java/lang/ClassNotFoundException'{0x0000000088c51e08}: org/springframework/data/repository/core/support/RepositoryFactoryInformationCustomizer> (0x0000000088c51e08) 
thrown [open/src/hotspot/share/classfile/systemDictionary.cpp, line 255]
Event: 9,127 Thread 0x00007f5544007d10 Exception <a 'java/lang/ClassNotFoundException'{0x0000000088c5d3d0}: org/springframework/beans/factory/FactoryBeanCustomizer> (0x0000000088c5d3d0) 
thrown [open/src/hotspot/share/classfile/systemDictionary.cpp, line 255]
Event: 9,129 Thread 0x00007f5544007d10 Exception <a 'java/lang/ClassNotFoundException'{0x0000000088c666b0}: org/springframework/beans/factory/BeanClassLoaderAwareCustomizer> (0x0000000088c666b0) 
thrown [open/src/hotspot/share/classfile/systemDictionary.cpp, line 255]
Event: 9,129 Thread 0x00007f5544007d10 Exception <a 'java/lang/ClassNotFoundException'{0x0000000088c6c1f8}: org/springframework/beans/factory/AwareCustomizer> (0x0000000088c6c1f8) 
thrown [open/src/hotspot/share/classfile/systemDictionary.cpp, line 255]
Event: 9,130 Thread 0x00007f5544007d10 Exception <a 'java/lang/ClassNotFoundException'{0x0000000088c71110}: org/springframework/beans/factory/BeanFactoryAwareCustomizer> (0x0000000088c71110) 
thrown [open/src/hotspot/share/classfile/systemDictionary.cpp, line 255]
Event: 9,130 Thread 0x00007f5544007d10 Exception <a 'java/lang/ClassNotFoundException'{0x0000000088c77540}: org/springframework/beans/factory/AwareCustomizer> (0x0000000088c77540) 
thrown [open/src/hotspot/share/classfile/systemDictionary.cpp, line 255]
Event: 9,131 Thread 0x00007f5544007d10 Exception <a 'java/lang/ClassNotFoundException'{0x0000000088c7c680}: org/springframework/context/ApplicationEventPublisherAwareCustomizer> (0x0000000088c7c680) 
thrown [open/src/hotspot/share/classfile/systemDictionary.cpp, line 255]
Event: 9,131 Thread 0x00007f5544007d10 Exception <a 'java/lang/ClassNotFoundException'{0x0000000088c82940}: org/springframework/beans/factory/AwareCustomizer> (0x0000000088c82940) 
thrown [open/src/hotspot/share/classfile/systemDictionary.cpp, line 255]
Event: 9,140 Thread 0x00007f5544007d10 Exception <a 'java/lang/ClassNotFoundException'{0x0000000088cb8478}: java/lang/ObjectCustomizer> (0x0000000088cb8478) 
thrown [open/src/hotspot/share/classfile/systemDictionary.cpp, line 255]
Event: 9,142 Thread 0x00007f5544007d10 Exception <a 'java/lang/ClassNotFoundException'{0x0000000088cc09d0}: org/springframework/core/io/support/PropertiesLoaderSupportCustomizer> (0x0000000088cc09d0) 
thrown [open/src/hotspot/share/classfile/systemDictionary.cpp, line 255]
Event: 9,143 Thread 0x00007f5544007d10 Exception <a 'java/lang/ClassNotFoundException'{0x0000000088cce7e8}: org/springframework/beans/factory/config/PropertiesFactoryBeanCustomizer> (0x0000000088cce7e8) 
thrown [open/src/hotspot/share/classfile/systemDictionary.cpp, line 255]
Event: 9,145 Thread 0x00007f5544007d10 Exception <a 'java/lang/ClassNotFoundException'{0x0000000088ce4138}: org/springframework/beans/factory/FactoryBeanCustomizer> (0x0000000088ce4138) 
thrown [open/src/hotspot/share/classfile/systemDictionary.cpp, line 255]
Event: 9,146 Thread 0x00007f5544007d10 Exception <a 'java/lang/ClassNotFoundException'{0x0000000088cebc60}: org/springframework/beans/factory/InitializingBeanCustomizer> (0x0000000088cebc60) 
thrown [open/src/hotspot/share/classfile/systemDictionary.cpp, line 255]

VM Operations (20 events):
Event: 7,439 Executing VM operation: CollectForMetadataAllocation done
Event: 7,445 Executing VM operation: G1Concurrent
Event: 7,448 Executing VM operation: G1Concurrent done
Event: 7,474 Executing VM operation: G1Concurrent
Event: 7,474 Executing VM operation: G1Concurrent done
Event: 7,529 Executing VM operation: HandshakeAllThreads
Event: 7,529 Executing VM operation: HandshakeAllThreads done
Event: 7,619 Executing VM operation: HandshakeAllThreads
Event: 7,619 Executing VM operation: HandshakeAllThreads done
Event: 7,718 Executing VM operation: HandshakeAllThreads
Event: 7,718 Executing VM operation: HandshakeAllThreads done
Event: 8,238 Executing VM operation: ICBufferFull
Event: 8,238 Executing VM operation: ICBufferFull done
Event: 8,272 Executing VM operation: G1CollectForAllocation
Event: 8,281 Executing VM operation: G1CollectForAllocation done
Event: 8,781 Executing VM operation: ICBufferFull
Event: 8,782 Executing VM operation: ICBufferFull done
Event: 9,078 Executing VM operation: HandshakeAllThreads
Event: 9,078 Executing VM operation: HandshakeAllThreads done
Event: 9,150 Executing VM operation: G1CollectForAllocation

Events (20 events):
Event: 1,155 Protecting memory [0x00007f554fbfe000,0x00007f554fc02000] with protection modes 0
Event: 2,138 Thread 0x00007f5538137490 Thread added: 0x00007f5538137490
Event: 2,145 Protecting memory [0x00007f554f8a8000,0x00007f554f8ac000] with protection modes 0
Event: 2,705 Thread 0x00007f5538137490 Thread exited: 0x00007f5538137490
Event: 3,610 Thread 0x00007f553831ebe0 Thread added: 0x00007f553831ebe0
Event: 3,621 Protecting memory [0x00007f554f8a8000,0x00007f554f8ac000] with protection modes 0
Event: 3,686 Thread 0x00007f553831ebe0 Thread exited: 0x00007f553831ebe0
Event: 6,451 Thread 0x00007f5538a6d1a0 Thread added: 0x00007f5538a6d1a0
Event: 6,451 Protecting memory [0x00007f554f8a8000,0x00007f554f8ac000] with protection modes 0
Event: 6,453 Thread 0x00007f5528001230 Thread added: 0x00007f5528001230
Event: 6,453 Protecting memory [0x00007f554f6a6000,0x00007f554f6aa000] with protection modes 0
Event: 6,458 Thread 0x00007f5538a66f90 Thread added: 0x00007f5538a66f90
Event: 6,460 Protecting memory [0x00007f554f5a6000,0x00007f554f5aa000] with protection modes 0
Event: 6,511 Thread 0x00007f5538a7b830 Thread added: 0x00007f5538a7b830
Event: 6,513 Protecting memory [0x00007f554f4a6000,0x00007f554f4aa000] with protection modes 0
Event: 7,460 Thread 0x00007f556c0f1a90 Thread exited: 0x00007f556c0f1a90
Event: 7,789 Thread 0x00007f5538e21970 Thread added: 0x00007f5538e21970
Event: 7,789 Protecting memory [0x00007f55a032b000,0x00007f55a032f000] with protection modes 0
Event: 7,890 Thread 0x00007f5558447d10 Thread added: 0x00007f5558447d10
Event: 7,890 Protecting memory [0x00007f554f3a6000,0x00007f554f3aa000] with protection modes 0


Dynamic libraries:
86400000-8a600000 rw-p 00000000 00:00 0 
8a600000-8dd00000 ---p 00000000 00:00 0 
8dd00000-8de00000 rw-p 00000000 00:00 0 
8de00000-ffe00000 ---p 00000000 00:00 0 
ffe00000-ffe75000 rw-p 00c5c000 00:21 12708                              /home/leonel/.jdks/openjdk-18.0.2/lib/server/classes.jsa
ffe75000-fff00000 rw-p 00000000 00:00 0 
fff00000-fff76000 rw-p 00be6000 00:21 12708                              /home/leonel/.jdks/openjdk-18.0.2/lib/server/classes.jsa
fff76000-100000000 rw-p 00000000 00:00 0 
800000000-800448000 rw-p 00001000 00:21 12708                            /home/leonel/.jdks/openjdk-18.0.2/lib/server/classes.jsa
800448000-800bae000 r--p 00449000 00:21 12708                            /home/leonel/.jdks/openjdk-18.0.2/lib/server/classes.jsa
800bae000-800c00000 ---p 00000000 00:00 0 
800c00000-800c40000 rw-p 00000000 00:00 0 
800c40000-800c80000 rw-p 00000000 00:00 0 
800c80000-800cc0000 rw-p 00000000 00:00 0 
800cc0000-800d00000 rw-p 00000000 00:00 0 
800d00000-800f40000 rw-p 00000000 00:00 0 
800f40000-800f80000 rw-p 00000000 00:00 0 
800f80000-801140000 rw-p 00000000 00:00 0 
801140000-8012d0000 rw-p 00000000 00:00 0 
8012d0000-840c00000 ---p 00000000 00:00 0 
560a88fbc000-560a88fbd000 r-xp 00000000 00:21 12211                      /home/leonel/.jdks/openjdk-18.0.2/bin/java
560a88fbe000-560a88fbf000 r--p 00001000 00:21 12211                      /home/leonel/.jdks/openjdk-18.0.2/bin/java
560a88fbf000-560a88fc0000 rw-p 00002000 00:21 12211                      /home/leonel/.jdks/openjdk-18.0.2/bin/java
560a89f88000-560a89fd2000 rw-p 00000000 00:00 0                          [heap]
7f5520000000-7f5520021000 rw-p 00000000 00:00 0 
7f5520021000-7f5524000000 ---p 00000000 00:00 0 
7f5524000000-7f5524021000 rw-p 00000000 00:00 0 
7f5524021000-7f5528000000 ---p 00000000 00:00 0 
7f5528000000-7f5528021000 rw-p 00000000 00:00 0 
7f5528021000-7f552c000000 ---p 00000000 00:00 0 
7f552c000000-7f552c021000 rw-p 00000000 00:00 0 
7f552c021000-7f5530000000 ---p 00000000 00:00 0 
7f5530000000-7f5530021000 rw-p 00000000 00:00 0 
7f5530021000-7f5534000000 ---p 00000000 00:00 0 
7f5534000000-7f553418b000 rw-p 00000000 00:00 0 
7f553418b000-7f5538000000 ---p 00000000 00:00 0 
7f5538000000-7f553913b000 rw-p 00000000 00:00 0 
7f553913b000-7f553c000000 ---p 00000000 00:00 0 
7f553c000000-7f553c021000 rw-p 00000000 00:00 0 
7f553c021000-7f5540000000 ---p 00000000 00:00 0 
7f5540000000-7f5540032000 rw-p 00000000 00:00 0 
7f5540032000-7f5544000000 ---p 00000000 00:00 0 
7f5544000000-7f5544021000 rw-p 00000000 00:00 0 
7f5544021000-7f5548000000 ---p 00000000 00:00 0 
7f5548000000-7f55481ab000 rw-p 00000000 00:00 0 
7f55481ab000-7f554c000000 ---p 00000000 00:00 0 
7f554f128000-7f554f3a6000 rw-p 00000000 00:00 0 
7f554f3a6000-7f554f3aa000 ---p 00000000 00:00 0 
7f554f3aa000-7f554f4a6000 rw-p 00000000 00:00 0 
7f554f4a6000-7f554f4aa000 ---p 00000000 00:00 0 
7f554f4aa000-7f554f5a6000 rw-p 00000000 00:00 0 
7f554f5a6000-7f554f5aa000 ---p 00000000 00:00 0 
7f554f5aa000-7f554f6a6000 rw-p 00000000 00:00 0 
7f554f6a6000-7f554f6aa000 ---p 00000000 00:00 0 
7f554f6aa000-7f554f7a6000 rw-p 00000000 00:00 0 
7f554f7a6000-7f554f7a7000 ---p 00000000 00:00 0 
7f554f7a7000-7f554f8a8000 rw-p 00000000 00:00 0 
7f554f8a8000-7f554f8ac000 ---p 00000000 00:00 0 
7f554f8ac000-7f554f9a8000 rw-p 00000000 00:00 0 
7f554f9a8000-7f554f9ac000 r--p 00000000 00:21 1053988                    /usr/lib/x86_64-linux-gnu/libgcc_s.so.1
7f554f9ac000-7f554f9c3000 r-xp 00004000 00:21 1053988                    /usr/lib/x86_64-linux-gnu/libgcc_s.so.1
7f554f9c3000-7f554f9c7000 r--p 0001b000 00:21 1053988                    /usr/lib/x86_64-linux-gnu/libgcc_s.so.1
7f554f9c7000-7f554f9c8000 r--p 0001e000 00:21 1053988                    /usr/lib/x86_64-linux-gnu/libgcc_s.so.1
7f554f9c8000-7f554f9c9000 rw-p 0001f000 00:21 1053988                    /usr/lib/x86_64-linux-gnu/libgcc_s.so.1
7f554f9c9000-7f554f9cc000 r--p 00000000 00:21 1183022                    /usr/lib/x86_64-linux-gnu/libnss_resolve.so.2
7f554f9cc000-7f554f9e3000 r-xp 00003000 00:21 1183022                    /usr/lib/x86_64-linux-gnu/libnss_resolve.so.2
7f554f9e3000-7f554f9ea000 r--p 0001a000 00:21 1183022                    /usr/lib/x86_64-linux-gnu/libnss_resolve.so.2
7f554f9ea000-7f554f9eb000 r--p 00020000 00:21 1183022                    /usr/lib/x86_64-linux-gnu/libnss_resolve.so.2
7f554f9eb000-7f554f9ec000 rw-p 00021000 00:21 1183022                    /usr/lib/x86_64-linux-gnu/libnss_resolve.so.2
7f554f9fa000-7f554f9fb000 ---p 00000000 00:00 0 
7f554f9fb000-7f554fafc000 rw-p 00000000 00:00 0 
7f554fafc000-7f554fafd000 ---p 00000000 00:00 0 
7f554fafd000-7f554fbfe000 rw-p 00000000 00:00 0 
7f554fbfe000-7f554fc02000 ---p 00000000 00:00 0 
7f554fc02000-7f554fcfe000 rw-p 00000000 00:00 0 
7f554fcfe000-7f554fd02000 ---p 00000000 00:00 0 
7f554fd02000-7f554fdfe000 rw-p 00000000 00:00 0 
7f554fdfe000-7f554fe02000 ---p 00000000 00:00 0 
7f554fe02000-7f554fefe000 rw-p 00000000 00:00 0 
7f554fefe000-7f554feff000 ---p 00000000 00:00 0 
7f554feff000-7f5550000000 rw-p 00000000 00:00 0 
7f5550000000-7f5550021000 rw-p 00000000 00:00 0 
7f5550021000-7f5554000000 ---p 00000000 00:00 0 
7f5554000000-7f5554021000 rw-p 00000000 00:00 0 
7f5554021000-7f5558000000 ---p 00000000 00:00 0 
7f5558000000-7f5558c64000 rw-p 00000000 00:00 0 
7f5558c64000-7f555c000000 ---p 00000000 00:00 0 
7f555c000000-7f555c021000 rw-p 00000000 00:00 0 
7f555c021000-7f5560000000 ---p 00000000 00:00 0 
7f5560000000-7f5560021000 rw-p 00000000 00:00 0 
7f5560021000-7f5564000000 ---p 00000000 00:00 0 
7f5564000000-7f5564021000 rw-p 00000000 00:00 0 
7f5564021000-7f5568000000 ---p 00000000 00:00 0 
7f5568000000-7f5568cb4000 rw-p 00000000 00:00 0 
7f5568cb4000-7f556c000000 ---p 00000000 00:00 0 
7f556c000000-7f556c7bc000 rw-p 00000000 00:00 0 
7f556c7bc000-7f5570000000 ---p 00000000 00:00 0 
7f5570000000-7f5570021000 rw-p 00000000 00:00 0 
7f5570021000-7f5574000000 ---p 00000000 00:00 0 
7f5574000000-7f5574021000 rw-p 00000000 00:00 0 
7f5574021000-7f5578000000 ---p 00000000 00:00 0 
7f5578000000-7f5578021000 rw-p 00000000 00:00 0 
7f5578021000-7f557c000000 ---p 00000000 00:00 0 
7f557c000000-7f557c021000 rw-p 00000000 00:00 0 
7f557c021000-7f5580000000 ---p 00000000 00:00 0 
7f5580000000-7f5580021000 rw-p 00000000 00:00 0 
7f5580021000-7f5584000000 ---p 00000000 00:00 0 
7f5584000000-7f5584021000 rw-p 00000000 00:00 0 
7f5584021000-7f5588000000 ---p 00000000 00:00 0 
7f5588000000-7f5588400000 rw-p 00000000 00:00 0 
7f5588400000-7f5588b80000 rw-p 00000000 00:00 0 
7f5588b80000-7f5588c00000 rw-p 00000000 00:00 0 
7f5588c00000-7f5588f00000 rw-p 00000000 00:00 0 
7f5588f00000-7f5589000000 rw-p 00000000 00:00 0 
7f5589000000-7f55895e0000 rw-p 00000000 00:00 0 
7f55895e0000-7f5589700000 rw-p 00000000 00:00 0 
7f5589700000-7f558a100000 rw-p 00000000 00:00 0 
7f558a100000-7f558a140000 rw-p 00000000 00:00 0 
7f558a140000-7f558a180000 rw-p 00000000 00:00 0 
7f558a180000-7f558a300000 rw-p 00000000 00:00 0 
7f558a300000-7f558a5c0000 rw-p 00000000 00:00 0 
7f558a5c0000-7f558a600000 rw-p 00000000 00:00 0 
7f558a600000-7f558ab90000 rw-p 00000000 00:00 0 
7f558ab90000-7f558ac00000 ---p 00000000 00:00 0 
7f558ac00000-7f558ac70000 rw-p 00000000 00:00 0 
7f558ac70000-7f558c000000 ---p 00000000 00:00 0 
7f558c000000-7f558c021000 rw-p 00000000 00:00 0 
7f558c021000-7f5590000000 ---p 00000000 00:00 0 
7f5590000000-7f5590021000 rw-p 00000000 00:00 0 
7f5590021000-7f5594000000 ---p 00000000 00:00 0 
7f5594000000-7f5594021000 rw-p 00000000 00:00 0 
7f5594021000-7f5598000000 ---p 00000000 00:00 0 
7f5598000000-7f5598021000 rw-p 00000000 00:00 0 
7f5598021000-7f559c000000 ---p 00000000 00:00 0 
7f559c000000-7f559c021000 rw-p 00000000 00:00 0 
7f559c021000-7f55a0000000 ---p 00000000 00:00 0 
7f55a000b000-7f55a0011000 r-xp 00000000 00:21 12687                      /home/leonel/.jdks/openjdk-18.0.2/lib/libmanagement_ext.so
7f55a0011000-7f55a0012000 r--p 00005000 00:21 12687                      /home/leonel/.jdks/openjdk-18.0.2/lib/libmanagement_ext.so
7f55a0012000-7f55a0013000 rw-p 00006000 00:21 12687                      /home/leonel/.jdks/openjdk-18.0.2/lib/libmanagement_ext.so
7f55a0013000-7f55a0017000 r-xp 00000000 00:21 12685                      /home/leonel/.jdks/openjdk-18.0.2/lib/libmanagement.so
7f55a0017000-7f55a0018000 r--p 00003000 00:21 12685                      /home/leonel/.jdks/openjdk-18.0.2/lib/libmanagement.so
7f55a0018000-7f55a0019000 rw-p 00004000 00:21 12685                      /home/leonel/.jdks/openjdk-18.0.2/lib/libmanagement.so
7f55a0019000-7f55a0026000 r-xp 00000000 00:21 12697                      /home/leonel/.jdks/openjdk-18.0.2/lib/libverify.so
7f55a0026000-7f55a0028000 r--p 0000c000 00:21 12697                      /home/leonel/.jdks/openjdk-18.0.2/lib/libverify.so
7f55a0028000-7f55a0029000 rw-p 0000e000 00:21 12697                      /home/leonel/.jdks/openjdk-18.0.2/lib/libverify.so
7f55a0029000-7f55a002a000 ---p 00000000 00:00 0 
7f55a002a000-7f55a012b000 rw-p 00000000 00:00 0 
7f55a012b000-7f55a012f000 ---p 00000000 00:00 0 
7f55a012f000-7f55a022b000 rw-p 00000000 00:00 0 
7f55a022b000-7f55a022f000 ---p 00000000 00:00 0 
7f55a022f000-7f55a032b000 rw-p 00000000 00:00 0 
7f55a032b000-7f55a032f000 ---p 00000000 00:00 0 
7f55a032f000-7f55a042b000 rw-p 00000000 00:00 0 
7f55a042b000-7f55a042f000 ---p 00000000 00:00 0 
7f55a042f000-7f55a052b000 rw-p 00000000 00:00 0 
7f55a052b000-7f55a052f000 ---p 00000000 00:00 0 
7f55a052f000-7f55a062b000 rw-p 00000000 00:00 0 
7f55a062b000-7f55a062f000 ---p 00000000 00:00 0 
7f55a062f000-7f55a072b000 rw-p 00000000 00:00 0 
7f55a072b000-7f55a072f000 ---p 00000000 00:00 0 
7f55a072f000-7f55a082b000 rw-p 00000000 00:00 0 
7f55a082b000-7f55a082f000 ---p 00000000 00:00 0 
7f55a082f000-7f55a092b000 rw-p 00000000 00:00 0 
7f55a092b000-7f55a092f000 ---p 00000000 00:00 0 
7f55a092f000-7f55a0a2b000 rw-p 00000000 00:00 0 
7f55a0a2b000-7f55a0a2f000 ---p 00000000 00:00 0 
7f55a0a2f000-7f55a0b2b000 rw-p 00000000 00:00 0 
7f55a0b2b000-7f55a0b82000 r--p 00000000 00:21 1050228                    /usr/lib/locale/en_US.utf8/LC_CTYPE
7f55a0b82000-7f55a0dfa000 r--p 00000000 00:21 430336                     /usr/lib/locale/en_US.utf8/LC_COLLATE
7f55a0dfa000-7f55a0dfe000 ---p 00000000 00:00 0 
7f55a0dfe000-7f55a0efa000 rw-p 00000000 00:00 0 
7f55a0efa000-7f55a0efe000 ---p 00000000 00:00 0 
7f55a0efe000-7f55a0ffa000 rw-p 00000000 00:00 0 
7f55a0ffa000-7f55a0ffb000 ---p 00000000 00:00 0 
7f55a0ffb000-7f55a10fc000 rw-p 00000000 00:00 0 
7f55a10fc000-7f55a11ca000 r-xp 00000000 00:21 12683                      /home/leonel/.jdks/openjdk-18.0.2/lib/libjsvml.so
7f55a11ca000-7f55a11cb000 r--p 000cd000 00:21 12683                      /home/leonel/.jdks/openjdk-18.0.2/lib/libjsvml.so
7f55a11cb000-7f55a11cc000 rw-p 000ce000 00:21 12683                      /home/leonel/.jdks/openjdk-18.0.2/lib/libjsvml.so
7f55a11cc000-7f55a12a8000 rw-p 00000000 00:00 0 
7f55a12a8000-7f55a12a9000 ---p 00000000 00:00 0 
7f55a12a9000-7f55a13aa000 rw-p 00000000 00:00 0 
7f55a13aa000-7f55a13ab000 ---p 00000000 00:00 0 
7f55a13ab000-7f55a38b7000 rw-p 00000000 00:00 0 
7f55a38b7000-7f55a3993000 ---p 00000000 00:00 0 
7f55a3993000-7f55a3997000 rw-p 00000000 00:00 0 
7f55a3997000-7f55a5617000 ---p 00000000 00:00 0 
7f55a5617000-7f55a561f000 rw-p 00000000 00:00 0 
7f55a561f000-7f55a588f000 rwxp 00000000 00:00 0 
7f55a588f000-7f55a5bb0000 ---p 00000000 00:00 0 
7f55a5bb0000-7f55a6730000 rwxp 00000000 00:00 0 
7f55a6730000-7f55ad0e7000 ---p 00000000 00:00 0 
7f55ad0e7000-7f55ad377000 rwxp 00000000 00:00 0 
7f55ad377000-7f55b461f000 ---p 00000000 00:00 0 
7f55b461f000-7f55bc000000 r--s 00000000 00:21 12699                      /home/leonel/.jdks/openjdk-18.0.2/lib/modules
7f55bc000000-7f55bc6d0000 rw-p 00000000 00:00 0 
7f55bc6d0000-7f55c0000000 ---p 00000000 00:00 0 
7f55c0000000-7f55c0002000 r-xp 00000000 00:21 12668                      /home/leonel/.jdks/openjdk-18.0.2/lib/libextnet.so
7f55c0002000-7f55c0003000 r--p 00001000 00:21 12668                      /home/leonel/.jdks/openjdk-18.0.2/lib/libextnet.so
7f55c0003000-7f55c0004000 rw-p 00002000 00:21 12668                      /home/leonel/.jdks/openjdk-18.0.2/lib/libextnet.so
7f55c0004000-7f55c0012000 r-xp 00000000 00:21 12689                      /home/leonel/.jdks/openjdk-18.0.2/lib/libnet.so
7f55c0012000-7f55c0013000 r--p 0000d000 00:21 12689                      /home/leonel/.jdks/openjdk-18.0.2/lib/libnet.so
7f55c0013000-7f55c0014000 rw-p 0000e000 00:21 12689                      /home/leonel/.jdks/openjdk-18.0.2/lib/libnet.so
7f55c0014000-7f55c0027000 r-xp 00000000 00:21 12690                      /home/leonel/.jdks/openjdk-18.0.2/lib/libnio.so
7f55c0027000-7f55c0028000 r--p 00012000 00:21 12690                      /home/leonel/.jdks/openjdk-18.0.2/lib/libnio.so
7f55c0028000-7f55c0029000 rw-p 00013000 00:21 12690                      /home/leonel/.jdks/openjdk-18.0.2/lib/libnio.so
7f55c0029000-7f55c0030000 r-xp 00000000 00:21 12698                      /home/leonel/.jdks/openjdk-18.0.2/lib/libzip.so
7f55c0030000-7f55c0031000 ---p 00007000 00:21 12698                      /home/leonel/.jdks/openjdk-18.0.2/lib/libzip.so
7f55c0031000-7f55c0032000 r--p 00007000 00:21 12698                      /home/leonel/.jdks/openjdk-18.0.2/lib/libzip.so
7f55c0032000-7f55c0033000 rw-p 00008000 00:21 12698                      /home/leonel/.jdks/openjdk-18.0.2/lib/libzip.so
7f55c0033000-7f55c0034000 r--p 00000000 00:21 284151                     /usr/share/runtime/locale/es/lib/es_AR.utf8/LC_NUMERIC
7f55c0034000-7f55c0035000 r--p 00000000 00:21 283893                     /usr/share/runtime/locale/es/lib/es_AR.utf8/LC_TIME
7f55c0035000-7f55c0036000 r--p 00000000 00:21 283728                     /usr/share/runtime/locale/es/lib/es_AR.utf8/LC_MONETARY
7f55c0036000-7f55c0037000 r--p 00000000 00:21 346025                     /usr/lib/locale/en_US.utf8/LC_MESSAGES/SYS_LC_MESSAGES
7f55c0037000-7f55c0038000 r--p 00000000 00:21 283814                     /usr/share/runtime/locale/es/lib/es_AR.utf8/LC_PAPER
7f55c0038000-7f55c0039000 r--p 00000000 00:21 347770                     /usr/lib/locale/en_US.utf8/LC_NAME
7f55c0039000-7f55c003a000 r--p 00000000 00:21 360074                     /usr/lib/locale/en_US.utf8/LC_ADDRESS
7f55c003a000-7f55c0041000 r--s 00000000 00:21 1053316                    /usr/lib/x86_64-linux-gnu/gconv/gconv-modules.cache
7f55c0041000-7f55c0183000 rw-p 00000000 00:00 0 
7f55c0183000-7f55c0184000 ---p 00000000 00:00 0 
7f55c0184000-7f55c0285000 rw-p 00000000 00:00 0 
7f55c0285000-7f55c0286000 ---p 00000000 00:00 0 
7f55c0286000-7f55c0387000 rw-p 00000000 00:00 0 
7f55c0387000-7f55c0388000 ---p 00000000 00:00 0 
7f55c0388000-7f55c05d2000 rw-p 00000000 00:00 0 
7f55c05d2000-7f55c06ae000 ---p 00000000 00:00 0 
7f55c06ae000-7f55c06b2000 rw-p 00000000 00:00 0 
7f55c06b2000-7f55c2332000 ---p 00000000 00:00 0 
7f55c2332000-7f55c235b000 rw-p 00000000 00:00 0 
7f55c235b000-7f55c2376000 ---p 00000000 00:00 0 
7f55c2376000-7f55c2377000 rw-p 00000000 00:00 0 
7f55c2377000-7f55c2707000 ---p 00000000 00:00 0 
7f55c2707000-7f55c2729000 rw-p 00000000 00:00 0 
7f55c2729000-7f55c2744000 ---p 00000000 00:00 0 
7f55c2744000-7f55c2745000 rw-p 00000000 00:00 0 
7f55c2745000-7f55c2ad5000 ---p 00000000 00:00 0 
7f55c2ad5000-7f55c2af7000 rw-p 00000000 00:00 0 
7f55c2af7000-7f55c2b12000 ---p 00000000 00:00 0 
7f55c2b12000-7f55c2b13000 rw-p 00000000 00:00 0 
7f55c2b13000-7f55c2ea3000 ---p 00000000 00:00 0 
7f55c2ea3000-7f55c32ae000 rw-p 00000000 00:00 0 
7f55c32ae000-7f55c3393000 ---p 00000000 00:00 0 
7f55c3393000-7f55c33aa000 rw-p 00000000 00:00 0 
7f55c33aa000-7f55c347e000 ---p 00000000 00:00 0 
7f55c347e000-7f55c3483000 rw-p 00000000 00:00 0 
7f55c3483000-7f55c348a000 ---p 00000000 00:00 0 
7f55c348a000-7f55c34ae000 r-xp 00000000 00:21 12675                      /home/leonel/.jdks/openjdk-18.0.2/lib/libjava.so
7f55c34ae000-7f55c34af000 ---p 00024000 00:21 12675                      /home/leonel/.jdks/openjdk-18.0.2/lib/libjava.so
7f55c34af000-7f55c34b0000 r--p 00024000 00:21 12675                      /home/leonel/.jdks/openjdk-18.0.2/lib/libjava.so
7f55c34b0000-7f55c34b1000 rw-p 00025000 00:21 12675                      /home/leonel/.jdks/openjdk-18.0.2/lib/libjava.so
7f55c34b1000-7f55c34b2000 rw-p 00000000 00:00 0 
7f55c34b2000-7f55c34bc000 r-xp 00000000 00:21 12670                      /home/leonel/.jdks/openjdk-18.0.2/lib/libinstrument.so
7f55c34bc000-7f55c34bd000 r--p 00009000 00:21 12670                      /home/leonel/.jdks/openjdk-18.0.2/lib/libinstrument.so
7f55c34bd000-7f55c34be000 rw-p 0000a000 00:21 12670                      /home/leonel/.jdks/openjdk-18.0.2/lib/libinstrument.so
7f55c34be000-7f55c34d9000 r-xp 00000000 00:21 12679                      /home/leonel/.jdks/openjdk-18.0.2/lib/libjimage.so
7f55c34d9000-7f55c34da000 ---p 0001b000 00:21 12679                      /home/leonel/.jdks/openjdk-18.0.2/lib/libjimage.so
7f55c34da000-7f55c34dc000 r--p 0001b000 00:21 12679                      /home/leonel/.jdks/openjdk-18.0.2/lib/libjimage.so
7f55c34dc000-7f55c34dd000 rw-p 0001d000 00:21 12679                      /home/leonel/.jdks/openjdk-18.0.2/lib/libjimage.so
7f55c34dd000-7f55c34e1000 ---p 00000000 00:00 0 
7f55c34e1000-7f55c35dd000 rw-p 00000000 00:00 0 
7f55c35dd000-7f55c35eb000 r--p 00000000 00:21 1053846                    /usr/lib/x86_64-linux-gnu/libm.so.6
7f55c35eb000-7f55c3661000 r-xp 0000e000 00:21 1053846                    /usr/lib/x86_64-linux-gnu/libm.so.6
7f55c3661000-7f55c36be000 r--p 00084000 00:21 1053846                    /usr/lib/x86_64-linux-gnu/libm.so.6
7f55c36be000-7f55c36bf000 r--p 000e0000 00:21 1053846                    /usr/lib/x86_64-linux-gnu/libm.so.6
7f55c36bf000-7f55c36c0000 rw-p 000e1000 00:21 1053846                    /usr/lib/x86_64-linux-gnu/libm.so.6
7f55c36c0000-7f55c36c1000 r--p 00000000 00:21 1049242                    /usr/lib/x86_64-linux-gnu/librt.so.1
7f55c36c1000-7f55c36c2000 r-xp 00001000 00:21 1049242                    /usr/lib/x86_64-linux-gnu/librt.so.1
7f55c36c2000-7f55c36c3000 r--p 00002000 00:21 1049242                    /usr/lib/x86_64-linux-gnu/librt.so.1
7f55c36c3000-7f55c36c4000 r--p 00002000 00:21 1049242                    /usr/lib/x86_64-linux-gnu/librt.so.1
7f55c36c4000-7f55c36c5000 rw-p 00003000 00:21 1049242                    /usr/lib/x86_64-linux-gnu/librt.so.1
7f55c36c5000-7f55c480b000 r-xp 00000000 00:21 12711                      /home/leonel/.jdks/openjdk-18.0.2/lib/server/libjvm.so
7f55c480b000-7f55c480c000 ---p 01146000 00:21 12711                      /home/leonel/.jdks/openjdk-18.0.2/lib/server/libjvm.so
7f55c480c000-7f55c48ca000 r--p 01146000 00:21 12711                      /home/leonel/.jdks/openjdk-18.0.2/lib/server/libjvm.so
7f55c48ca000-7f55c48fd000 rw-p 01204000 00:21 12711                      /home/leonel/.jdks/openjdk-18.0.2/lib/server/libjvm.so
7f55c48fd000-7f55c495a000 rw-p 00000000 00:00 0 
7f55c495a000-7f55c4982000 r--p 00000000 00:21 1054041                    /usr/lib/x86_64-linux-gnu/libc.so.6
7f55c4982000-7f55c4b02000 r-xp 00028000 00:21 1054041                    /usr/lib/x86_64-linux-gnu/libc.so.6
7f55c4b02000-7f55c4b54000 r--p 001a8000 00:21 1054041                    /usr/lib/x86_64-linux-gnu/libc.so.6
7f55c4b54000-7f55c4b58000 r--p 001f9000 00:21 1054041                    /usr/lib/x86_64-linux-gnu/libc.so.6
7f55c4b58000-7f55c4b5a000 rw-p 001fd000 00:21 1054041                    /usr/lib/x86_64-linux-gnu/libc.so.6
7f55c4b5a000-7f55c4b67000 rw-p 00000000 00:00 0 
7f55c4b67000-7f55c4b68000 r--p 00000000 00:21 1049838                    /usr/lib/x86_64-linux-gnu/libdl.so.2
7f55c4b68000-7f55c4b69000 r-xp 00001000 00:21 1049838                    /usr/lib/x86_64-linux-gnu/libdl.so.2
7f55c4b69000-7f55c4b6a000 r--p 00002000 00:21 1049838                    /usr/lib/x86_64-linux-gnu/libdl.so.2
7f55c4b6a000-7f55c4b6b000 r--p 00002000 00:21 1049838                    /usr/lib/x86_64-linux-gnu/libdl.so.2
7f55c4b6b000-7f55c4b6c000 rw-p 00003000 00:21 1049838                    /usr/lib/x86_64-linux-gnu/libdl.so.2
7f55c4b6c000-7f55c4b6d000 r--p 00000000 00:21 1050601                    /usr/lib/x86_64-linux-gnu/libpthread.so.0
7f55c4b6d000-7f55c4b6e000 r-xp 00001000 00:21 1050601                    /usr/lib/x86_64-linux-gnu/libpthread.so.0
7f55c4b6e000-7f55c4b6f000 r--p 00002000 00:21 1050601                    /usr/lib/x86_64-linux-gnu/libpthread.so.0
7f55c4b6f000-7f55c4b70000 r--p 00002000 00:21 1050601                    /usr/lib/x86_64-linux-gnu/libpthread.so.0
7f55c4b70000-7f55c4b71000 rw-p 00003000 00:21 1050601                    /usr/lib/x86_64-linux-gnu/libpthread.so.0
7f55c4b71000-7f55c4b7f000 r-xp 00000000 00:21 12680                      /home/leonel/.jdks/openjdk-18.0.2/lib/libjli.so
7f55c4b7f000-7f55c4b80000 ---p 0000e000 00:21 12680                      /home/leonel/.jdks/openjdk-18.0.2/lib/libjli.so
7f55c4b80000-7f55c4b81000 r--p 0000e000 00:21 12680                      /home/leonel/.jdks/openjdk-18.0.2/lib/libjli.so
7f55c4b81000-7f55c4b82000 rw-p 0000f000 00:21 12680                      /home/leonel/.jdks/openjdk-18.0.2/lib/libjli.so
7f55c4b82000-7f55c4b85000 r--p 00000000 00:21 1051322                    /usr/lib/x86_64-linux-gnu/libz.so.1.2.12
7f55c4b85000-7f55c4b94000 r-xp 00003000 00:21 1051322                    /usr/lib/x86_64-linux-gnu/libz.so.1.2.12
7f55c4b94000-7f55c4b9a000 r--p 00012000 00:21 1051322                    /usr/lib/x86_64-linux-gnu/libz.so.1.2.12
7f55c4b9a000-7f55c4b9b000 ---p 00018000 00:21 1051322                    /usr/lib/x86_64-linux-gnu/libz.so.1.2.12
7f55c4b9b000-7f55c4b9c000 r--p 00018000 00:21 1051322                    /usr/lib/x86_64-linux-gnu/libz.so.1.2.12
7f55c4b9c000-7f55c4b9d000 rw-p 00019000 00:21 1051322                    /usr/lib/x86_64-linux-gnu/libz.so.1.2.12
7f55c4b9d000-7f55c4b9e000 r--p 00000000 00:21 377646                     /usr/lib/locale/en_US.utf8/LC_TELEPHONE
7f55c4b9e000-7f55c4b9f000 r--p 00000000 00:21 283596                     /usr/share/runtime/locale/es/lib/es_AR.utf8/LC_MEASUREMENT
7f55c4b9f000-7f55c4ba0000 r--p 00000000 00:21 369876                     /usr/lib/locale/en_US.utf8/LC_IDENTIFICATION
7f55c4ba0000-7f55c4ba8000 rw-s 00000000 00:40 2437                       /tmp/hsperfdata_leonel/1865
7f55c4ba8000-7f55c4ba9000 ---p 00000000 00:00 0 
7f55c4ba9000-7f55c4baa000 r--p 00000000 00:00 0 
7f55c4baa000-7f55c4bab000 ---p 00000000 00:00 0 
7f55c4bab000-7f55c4bad000 rw-p 00000000 00:00 0 
7f55c4bad000-7f55c4baf000 r--p 00000000 00:21 1051178                    /usr/lib/x86_64-linux-gnu/ld-linux-x86-64.so.2
7f55c4baf000-7f55c4bd7000 r-xp 00002000 00:21 1051178                    /usr/lib/x86_64-linux-gnu/ld-linux-x86-64.so.2
7f55c4bd7000-7f55c4be2000 r--p 0002a000 00:21 1051178                    /usr/lib/x86_64-linux-gnu/ld-linux-x86-64.so.2
7f55c4be2000-7f55c4be4000 r--p 00034000 00:21 1051178                    /usr/lib/x86_64-linux-gnu/ld-linux-x86-64.so.2
7f55c4be4000-7f55c4be6000 rw-p 00036000 00:21 1051178                    /usr/lib/x86_64-linux-gnu/ld-linux-x86-64.so.2
7ffea26fb000-7ffea271e000 rw-p 00000000 00:00 0                          [stack]
7ffea278a000-7ffea278e000 r--p 00000000 00:00 0                          [vvar]
7ffea278e000-7ffea2790000 r-xp 00000000 00:00 0                          [vdso]
ffffffffff600000-ffffffffff601000 --xp 00000000 00:00 0                  [vsyscall]


VM Arguments:
jvm_args: -javaagent:/app/idea-IC/lib/idea_rt.jar=40857:/app/idea-IC/bin -Dfile.encoding=UTF-8 -Dsun.stdout.encoding=UTF-8 -Dsun.stderr.encoding=UTF-8 
java_command: com.spring.app.ProyectoSpringApplication
java_class_path (initial): /home/leonel/Documents/Java/Spring/proyecto/app/target/classes:/home/leonel/.m2/repository/org/springframework/boot/spring-boot-starter-data-jpa/2.7.4/spring-boot-starter-data-jpa-2.7.4.jar:/home/leonel/.m2/repository/org/springframework/boot/spring-boot-starter-aop/2.7.4/spring-boot-starter-aop-2.7.4.jar:/home/leonel/.m2/repository/org/springframework/spring-aop/5.3.23/spring-aop-5.3.23.jar:/home/leonel/.m2/repository/org/aspectj/aspectjweaver/1.9.7/aspectjweaver-1.9.7.jar:/home/leonel/.m2/repository/org/springframework/boot/spring-boot-starter-jdbc/2.7.4/spring-boot-starter-jdbc-2.7.4.jar:/home/leonel/.m2/repository/com/zaxxer/HikariCP/4.0.3/HikariCP-4.0.3.jar:/home/leonel/.m2/repository/org/springframework/spring-jdbc/5.3.23/spring-jdbc-5.3.23.jar:/home/leonel/.m2/repository/jakarta/transaction/jakarta.transaction-api/1.3.3/jakarta.transaction-api-1.3.3.jar:/home/leonel/.m2/repository/jakarta/persistence/jakarta.persistence-api/2.2.3/jakarta.persistence-api-2.2.3.jar:/home/leonel/.m2/repository/org/hibernate/hibernate-core/5.6.11.Final/hibernate-core-5.6.11.Final.jar:/home/leonel/.m2/repository/org/jboss/logging/jboss-logging/3.4.3.Final/jboss-logging-3.4.3.Final.jar:/home/leonel/.m2/repository/net/bytebuddy/byte-buddy/1.12.17/byte-buddy-1.12.17.jar:/home/leonel/.m2/repository/antlr/antlr/2.7.7/antlr-2.7.7.jar:/home/leonel/.m2/repository/org/jboss/jandex/2.4.2.Final/jandex-2.4.2.Final.jar:/home/leonel/.m2/repository/org/hibernate/common/hibernate-commons-annotations/5.1.2.Final/hibernate-commons-annotations-5.1.2.Final.jar:/home/leonel/.m2/repository/org/glassfish/jaxb/jaxb-runtime/2.3.6/jaxb-runtime-2.3.6.jar:/home/leonel/.m2/repository/org/glassfish/jaxb/txw2/2.3.6/txw2-2.3.6.jar:/home/leonel/.m2/repository/com/sun/istack/istack-commons-runtime/3.0.12/istack-commons-runtime-3.0.12.jar:/home/leonel/.m2/repository/com/sun/activation/jakarta.activation/1.2.2/jakarta.activation-1.2.2.jar:/home/leonel/.m2/repository/org/springframework/data/spring-data-jpa/2.7.3/spring-data-jpa-2.7.3.jar:/home/leonel/.m2/repository/org/springframework/data/spring-data-commons/2.7.3/spring-data-commons-2.7.3.jar:/home/leonel/.m2/repository/org/springframework/spring-orm/5.3.23/spring-orm-5.3.23.jar:/home/leonel/.m2/repository/org/springframework/spring-context/5.3.23/spring-context-5.3.23.jar:/home/leonel/.m2/repository/org/springframework/spring-tx/5.3.23/spring-tx-5.3.23.jar:/home/leonel/.m2/repository/org/springframework/spring-beans/5.3.23/spring-beans-5.3.23.jar:/home/leonel/.m2/repository/org/springframework/spring-aspects/5.3.23/spring-aspects-5.3.23.jar:/home/leonel/.m2/repository/org/springframework/boot/spring-boot-starter-web/2.7.4/spring-boot-starter-web-2.7.4.jar:/home/leonel/.m2/repository/org/springframework/boot/spring-boot-starter/2.7.4/spring-boot-starter-2.7.4.jar:/home/leonel/.m2/repository/org/springframework/boot/spring-boot-starter-logging/2.7.4/spring-boot-starter-logging-2.7.4.jar:/home/leonel/.m2/repository/ch/qos/logback/logback-classic/1.2.11/logback-classic-1.2.11.jar:/home/leonel/.m2/repository/ch/qos/logback/logback-core/1.2.11/logback-core-1.2.11.jar:/home/leonel/.m2/repository/org/apache/logging/log4j/log4j-to-slf4j/2.17.2/log4j-to-slf4j-2.17.2.jar:/home/leonel/.m2/repository/org/apache/logging/log4j/log4j-api/2.17.2/log4j-api-2.17.2.jar:/home/leonel/.m2/repository/org/slf4j/jul-to-slf4j/1.7.36/jul-to-slf4j-1.7.36.jar:/home/leonel/.m2/repository/jakarta/annotation/jakarta.annotation-api/1.3.5/jakarta.annotation-api-1.3.5.jar:/home/leonel/.m2/repository/org/yaml/snakeyaml/1.30/snakeyaml-1.30.jar:/home/leonel/.m2/repository/org/springframework/boot/spring-boot-starter-json/2.7.4/spring-boot-starter-json-2.7.4.jar:/home/leonel/.m2/repository/com/fasterxml/jackson/core/jackson-databind/2.13.4/jackson-databind-2.13.4.jar:/home/leonel/.m2/repository/com/fasterxml/jackson/core/jackson-core/2.13.4/jackson-core-2.13.4.jar:/home/leonel/.m2/repository/com/fasterxml/jackson/datatype/jackson-datatype-jdk8/2.13.4/jackson-datatype-jdk8-2.13.4.jar:/home/leonel/.m2/repository/com/fasterxml/jackson/datatype/jackson-datatype-jsr310/2.13.4/jackson-datatype-jsr310-2.13.4.jar:/home/leonel/.m2/repository/com/fasterxml/jackson/module/jackson-module-parameter-names/2.13.4/jackson-module-parameter-names-2.13.4.jar:/home/leonel/.m2/repository/org/springframework/boot/spring-boot-starter-tomcat/2.7.4/spring-boot-starter-tomcat-2.7.4.jar:/home/leonel/.m2/repository/org/apache/tomcat/embed/tomcat-embed-core/9.0.65/tomcat-embed-core-9.0.65.jar:/home/leonel/.m2/repository/org/apache/tomcat/embed/tomcat-embed-el/9.0.65/tomcat-embed-el-9.0.65.jar:/home/leonel/.m2/repository/org/apache/tomcat/embed/tomcat-embed-websocket/9.0.65/tomcat-embed-websocket-9.0.65.jar:/home/leonel/.m2/repository/org/springframework/spring-web/5.3.23/spring-web-5.3.23.jar:/home/leonel/.m2/repository/org/springframework/spring-webmvc/5.3.23/spring-webmvc-5.3.23.jar:/home/leonel/.m2/repository/org/springframework/spring-expression/5.3.23/spring-expression-5.3.23.jar:/home/leonel/.m2/repository/org/springframework/boot/spring-boot-devtools/2.7.4/spring-boot-devtools-2.7.4.jar:/home/leonel/.m2/repository/org/springframework/boot/spring-boot/2.7.4/spring-boot-2.7.4.jar:/home/leonel/.m2/repository/org/springframework/boot/spring-boot-autoconfigure/2.7.4/spring-boot-autoconfigure-2.7.4.jar:/home/leonel/.m2/repository/mysql/mysql-connector-java/8.0.30/mysql-connector-java-8.0.30.jar:/home/leonel/.m2/repository/org/projectlombok/lombok/1.18.24/lombok-1.18.24.jar:/home/leonel/.m2/repository/jakarta/xml/bind/jakarta.xml.bind-api/2.3.3/jakarta.xml.bind-api-2.3.3.jar:/home/leonel/.m2/repository/jakarta/activation/jakarta.activation-api/1.2.2/jakarta.activation-api-1.2.2.jar:/home/leonel/.m2/repository/org/springframework/spring-core/5.3.23/spring-core-5.3.23.jar:/home/leonel/.m2/repository/org/springframework/spring-jcl/5.3.23/spring-jcl-5.3.23.jar:/home/leonel/.m2/repository/io/springfox/springfox-swagger2/2.9.2/springfox-swagger2-2.9.2.jar:/home/leonel/.m2/repository/io/swagger/swagger-annotations/1.5.20/swagger-annotations-1.5.20.jar:/home/leonel/.m2/repository/io/swagger/swagger-models/1.5.20/swagger-models-1.5.20.jar:/home/leonel/.m2/repository/com/fasterxml/jackson/core/jackson-annotations/2.13.4/jackson-annotations-2.13.4.jar:/home/leonel/.m2/repository/io/springfox/springfox-spi/2.9.2/springfox-spi-2.9.2.jar:/home/leonel/.m2/repository/io/springfox/springfox-core/2.9.2/springfox-core-2.9.2.jar:/home/leonel/.m2/repository/io/springfox/springfox-schema/2.9.2/springfox-schema-2.9.2.jar:/home/leonel/.m2/repository/io/springfox/springfox-swagger-common/2.9.2/springfox-swagger-common-2.9.2.jar:/home/leonel/.m2/repository/io/springfox/springfox-spring-web/2.9.2/springfox-spring-web-2.9.2.jar:/home/leonel/.m2/repository/com/google/guava/guava/20.0/guava-20.0.jar:/home/leonel/.m2/repository/com/fasterxml/classmate/1.5.1/classmate-1.5.1.jar:/home/leonel/.m2/repository/org/slf4j/slf4j-api/1.7.36/slf4j-api-1.7.36.jar:/home/leonel/.m2/repository/org/springframework/plugin/spring-plugin-core/1.2.0.RELEASE/spring-plugin-core-1.2.0.RELEASE.jar:/home/leonel/.m2/repository/org/springframework/plugin/spring-plugin-metadata/1.2.0.RELEASE/spring-plugin-metadata-1.2.0.RELEASE.jar:/home/leonel/.m2/repository/org/mapstruct/mapstruct/1.2.0.Final/mapstruct-1.2.0.Final.jar:/home/leonel/.m2/repository/io/springfox/springfox-swagger-ui/2.9.2/springfox-swagger-ui-2.9.2.jar:/home/leonel/.m2/repository/org/modelmapper/modelmapper/3.1.0/modelmapper-3.1.0.jar:/home/leonel/.m2/repository/javax/validation/validation-api/2.0.1.Final/validation-api-2.0.1.Final.jar
Launcher Type: SUN_STANDARD

[Global flags]
     intx CICompilerCount                          = 3                                         {product} {ergonomic}
     uint ConcGCThreads                            = 1                                         {product} {ergonomic}
     uint G1ConcRefinementThreads                  = 4                                         {product} {ergonomic}
   size_t G1HeapRegionSize                         = 1048576                                   {product} {ergonomic}
    uintx GCDrainStackTargetSize                   = 64                                        {product} {ergonomic}
   size_t InitialHeapSize                          = 127926272                                 {product} {ergonomic}
   size_t MarkStackSize                            = 4194304                                   {product} {ergonomic}
   size_t MaxHeapSize                              = 2042626048                                {product} {ergonomic}
   size_t MaxNewSize                               = 1224736768                                {product} {ergonomic}
   size_t MinHeapDeltaBytes                        = 1048576                                   {product} {ergonomic}
   size_t MinHeapSize                              = 8388608                                   {product} {ergonomic}
    uintx NonNMethodCodeHeapSize                   = 5832780                                {pd product} {ergonomic}
    uintx NonProfiledCodeHeapSize                  = 122912730                              {pd product} {ergonomic}
    uintx ProfiledCodeHeapSize                     = 122912730                              {pd product} {ergonomic}
    uintx ReservedCodeCacheSize                    = 251658240                              {pd product} {ergonomic}
     bool SegmentedCodeCache                       = true                                      {product} {ergonomic}
   size_t SoftMaxHeapSize                          = 2042626048                             {manageable} {ergonomic}
     bool UseCompressedClassPointers               = true                           {product lp64_product} {ergonomic}
     bool UseCompressedOops                        = true                           {product lp64_product} {ergonomic}
     bool UseG1GC                                  = true                                      {product} {ergonomic}

Logging:
Log output configuration:
 #0: stdout all=warning uptime,level,tags foldmultilines=false
 #1: stderr all=off uptime,level,tags foldmultilines=false

Environment Variables:
PATH=/app/bin:/usr/bin
USERNAME=leonel
LD_LIBRARY_PATH=
SHELL=/bin/sh
DISPLAY=:99.0
LANG=en_US.UTF-8

Signal Handlers:
   SIGSEGV: crash_handler in libjvm.so, mask=11100100010111111101111111111110, flags=SA_RESTART|SA_SIGINFO
    SIGBUS: crash_handler in libjvm.so, mask=11100100010111111101111111111110, flags=SA_RESTART|SA_SIGINFO
    SIGFPE: crash_handler in libjvm.so, mask=11100100010111111101111111111110, flags=SA_RESTART|SA_SIGINFO
   SIGPIPE: javaSignalHandler in libjvm.so, mask=11100100010111111101111111111110, flags=SA_RESTART|SA_SIGINFO
   SIGXFSZ: javaSignalHandler in libjvm.so, mask=11100100010111111101111111111110, flags=SA_RESTART|SA_SIGINFO
    SIGILL: crash_handler in libjvm.so, mask=11100100010111111101111111111110, flags=SA_RESTART|SA_SIGINFO
   SIGUSR2: SR_handler in libjvm.so, mask=00100000000000000000000000000000, flags=SA_RESTART|SA_SIGINFO
    SIGHUP: UserHandler in libjvm.so, mask=11100100010111111101111111111110, flags=SA_RESTART|SA_SIGINFO
    SIGINT: UserHandler in libjvm.so, mask=11100100010111111101111111111110, flags=SA_RESTART|SA_SIGINFO
   SIGTERM: UserHandler in libjvm.so, mask=11100100010111111101111111111110, flags=SA_RESTART|SA_SIGINFO
   SIGQUIT: UserHandler in libjvm.so, mask=11100100010111111101111111111110, flags=SA_RESTART|SA_SIGINFO
   SIGTRAP: crash_handler in libjvm.so, mask=11100100010111111101111111111110, flags=SA_RESTART|SA_SIGINFO


---------------  S Y S T E M  ---------------

OS:
NAME="Freedesktop SDK"
VERSION="22.08 (Flatpak runtime)"
VERSION_ID=22.08
ID=org.freedesktop.platform
PRETTY_NAME="Freedesktop.org SDK 22.08 (Flatpak runtime)"
BUG_REPORT_URL=https://gitlab.com/freedesktop-sdk/freedesktop-sdk/issues
uname: Linux 5.19.12-200.fc36.x86_64 #1 SMP PREEMPT_DYNAMIC Wed Sep 28 17:11:05 UTC 2022 x86_64
OS uptime: 0 days 9:39 hours
libc: glibc 2.35 NPTL 2.35 
rlimit (soft/hard): STACK 8192k/infinity , CORE infinity/infinity , NPROC 30974/30974 , NOFILE 524288/524288 , AS infinity/infinity , CPU infinity/infinity , DATA infinity/infinity , FSIZE infinity/infinity , MEMLOCK 8192k/8192k
load average: 2,35 2,37 2,23

/proc/meminfo:
MemTotal:        7973348 kB
MemFree:          305028 kB
MemAvailable:    1938460 kB
Buffers:              76 kB
Cached:          2186856 kB
SwapCached:         6444 kB
Active:          2144320 kB
Inactive:        4406320 kB
Active(anon):     776944 kB
Inactive(anon):  3962124 kB
Active(file):    1367376 kB
Inactive(file):   444196 kB
Unevictable:      126844 kB
Mlocked:            6084 kB
SwapTotal:       7972860 kB
SwapFree:        6126588 kB
Zswap:                 0 kB
Zswapped:              0 kB
Dirty:              4808 kB
Writeback:             0 kB
AnonPages:       4485240 kB
Mapped:           469768 kB
Shmem:            370348 kB
KReclaimable:     109720 kB
Slab:             253200 kB
SReclaimable:     109720 kB
SUnreclaim:       143480 kB
KernelStack:       17824 kB
PageTables:        49008 kB
NFS_Unstable:          0 kB
Bounce:                0 kB
WritebackTmp:          0 kB
CommitLimit:    11959532 kB
Committed_AS:   12456032 kB
VmallocTotal:   34359738367 kB
VmallocUsed:       71920 kB
VmallocChunk:          0 kB
Percpu:             8800 kB
HardwareCorrupted:     0 kB
AnonHugePages:         0 kB
ShmemHugePages:        0 kB
ShmemPmdMapped:        0 kB
FileHugePages:         0 kB
FilePmdMapped:         0 kB
CmaTotal:              0 kB
CmaFree:               0 kB
HugePages_Total:       0
HugePages_Free:        0
HugePages_Rsvd:        0
HugePages_Surp:        0
Hugepagesize:       2048 kB
Hugetlb:               0 kB
DirectMap4k:      811712 kB
DirectMap2M:     7413760 kB

/sys/kernel/mm/transparent_hugepage/enabled: <Not Available>
/sys/kernel/mm/transparent_hugepage/defrag (defrag/compaction efforts parameter): <Not Available>

Process Memory:
Virtual Size: 5704812K (peak: 5704812K)
Resident Set Size: 234860K (peak: 234860K) (anon: 205128K, file: 29700K, shmem: 32K)
Swapped out: 0K
C-Heap outstanding allocations: 56674K, retained: 20317K

/proc/sys/kernel/threads-max (system-wide limit on the number of threads): 61949
/proc/sys/vm/max_map_count (maximum number of memory map areas a process may have): 65530
/proc/sys/kernel/pid_max (system-wide limit on number of process identifiers): 4194304

container information not found.
Steal ticks since vm start: 0
Steal ticks percentage since vm start:  0,000

CPU: total 4 (initial active 4) (2 cores per cpu, 2 threads per core) family 6 model 42 stepping 7 microcode 0x2f, cx8, cmov, fxsr, ht, mmx, sse, sse2, sse3, ssse3, sse4.1, sse4.2, popcnt, tsc, tscinvbit, avx, aes, clmul, vzeroupper, clflush
CPU Model and flags from /proc/cpuinfo:
model name	: Intel(R) Core(TM) i5-2430M CPU @ 2.40GHz
flags		: fpu vme de pse tsc msr pae mce cx8 apic sep mtrr pge mca cmov pat pse36 clflush dts acpi mmx fxsr sse sse2 ht tm pbe syscall nx rdtscp lm constant_tsc arch_perfmon pebs bts nopl xtopology nonstop_tsc cpuid aperfmperf pni pclmulqdq dtes64 monitor ds_cpl vmx est tm2 ssse3 cx16 xtpr pdcm pcid sse4_1 sse4_2 x2apic popcnt tsc_deadline_timer aes xsave avx lahf_lm epb pti ssbd ibrs ibpb stibp tpr_shadow vnmi flexpriority ept vpid xsaveopt dtherm ida arat pln pts md_clear flush_l1d

Online cpus: 0-3
Offline cpus: 4-7
BIOS frequency limitation: <Not Available>
Frequency switch latency (ns): 20000
Available cpu frequencies: <Not Available>
Current governor: schedutil
Core performance/turbo boost: <Not Available>

Memory: 4k page, physical 7973348k(305028k free), swap 7972860k(6126588k free)
Page Sizes: 4k

vm_info: OpenJDK 64-Bit Server VM (18.0.2+9-61) for linux-amd64 JRE (18.0.2+9-61), built on Jun  7 2022 11:58:52 by "mach5one" with gcc 10.3.0

END.
